# JRE version: OpenJDK Runtime Environment (7.0_79-b14) (build 1.7.0_79-b14)
# Java VM: OpenJDK Server VM (24.79-b02 mixed mode linux-x86 )
Heap
 PSYoungGen      total 307968K, used 31475K [0xddbc0000, 0xf2780000, 0xf3140000)
  eden space 307200K, 10% used [0xddbc0000,0xdf9e3f60,0xf07c0000)
  from space 768K, 79% used [0xf26c0000,0xf2758e30,0xf2780000)
  to   space 4864K, 0% used [0xf1e00000,0xf1e00000,0xf22c0000)
 ParOldGen       total 43520K, used 7639K [0xb3140000, 0xb5bc0000, 0xddbc0000)
  object space 43520K, 17% used [0xb3140000,0xb38b5eb0,0xb5bc0000)
 PSPermGen       total 16384K, used 11659K [0xab140000, 0xac140000, 0xb3140000)
  object space 16384K, 71% used [0xab140000,0xabca2d80,0xac140000)
GC Heap History (10 events):
Event: 2.605 GC heap before
{Heap before GC invocations=14 (full 0):
 PSYoungGen      total 342784K, used 336981K [0xddbc0000, 0xf30c0000, 0xf3140000)
  eden space 336384K, 100% used [0xddbc0000,0xf2440000,0xf2440000)
  from space 6400K, 9% used [0xf2440000,0xf24d5780,0xf2a80000)
  to   space 6144K, 0% used [0xf2ac0000,0xf2ac0000,0xf30c0000)
 ParOldGen       total 43520K, used 7623K [0xb3140000, 0xb5bc0000, 0xddbc0000)
  object space 43520K, 17% used [0xb3140000,0xb38b1eb0,0xb5bc0000)
 PSPermGen       total 16384K, used 11638K [0xab140000, 0xac140000, 0xb3140000)
  object space 16384K, 71% used [0xab140000,0xabc9da00,0xac140000)
Event: 2.607 GC heap after
Heap after GC invocations=14 (full 0):
 PSYoungGen      total 343040K, used 660K [0xddbc0000, 0xf3080000, 0xf3140000)
  eden space 337152K, 0% used [0xddbc0000,0xddbc0000,0xf2500000)
  from space 5888K, 11% used [0xf2ac0000,0xf2b65028,0xf3080000)
  to   space 5888K, 0% used [0xf2500000,0xf2500000,0xf2ac0000)
 ParOldGen       total 43520K, used 7627K [0xb3140000, 0xb5bc0000, 0xddbc0000)
  object space 43520K, 17% used [0xb3140000,0xb38b2eb0,0xb5bc0000)
 PSPermGen       total 16384K, used 11638K [0xab140000, 0xac140000, 0xb3140000)
  object space 16384K, 71% used [0xab140000,0xabc9da00,0xac140000)
}
Event: 2.838 GC heap before
{Heap before GC invocations=15 (full 0):
 PSYoungGen      total 343040K, used 337812K [0xddbc0000, 0xf3080000, 0xf3140000)
  eden space 337152K, 100% used [0xddbc0000,0xf2500000,0xf2500000)
  from space 5888K, 11% used [0xf2ac0000,0xf2b65028,0xf3080000)
  to   space 5888K, 0% used [0xf2500000,0xf2500000,0xf2ac0000)
 ParOldGen       total 43520K, used 7627K [0xb3140000, 0xb5bc0000, 0xddbc0000)
  object space 43520K, 17% used [0xb3140000,0xb38b2eb0,0xb5bc0000)
 PSPermGen       total 16384K, used 11638K [0xab140000, 0xac140000, 0xb3140000)
  object space 16384K, 71% used [0xab140000,0xabc9db28,0xac140000)
Event: 2.840 GC heap after
Heap after GC invocations=15 (full 0):
 PSYoungGen      total 343040K, used 627K [0xddbc0000, 0xf30c0000, 0xf3140000)
  eden space 337152K, 0% used [0xddbc0000,0xddbc0000,0xf2500000)
  from space 5888K, 10% used [0xf2500000,0xf259ce30,0xf2ac0000)
  to   space 5632K, 0% used [0xf2b40000,0xf2b40000,0xf30c0000)
 ParOldGen       total 43520K, used 7627K [0xb3140000, 0xb5bc0000, 0xddbc0000)
  object space 43520K, 17% used [0xb3140000,0xb38b2eb0,0xb5bc0000)
 PSPermGen       total 16384K, used 11638K [0xab140000, 0xac140000, 0xb3140000)
  object space 16384K, 71% used [0xab140000,0xabc9db28,0xac140000)
}
Event: 3.070 GC heap before
{Heap before GC invocations=16 (full 0):
 PSYoungGen      total 343040K, used 337779K [0xddbc0000, 0xf30c0000, 0xf3140000)
  eden space 337152K, 100% used [0xddbc0000,0xf2500000,0xf2500000)
  from space 5888K, 10% used [0xf2500000,0xf259ce30,0xf2ac0000)
  to   space 5632K, 0% used [0xf2b40000,0xf2b40000,0xf30c0000)
 ParOldGen       total 43520K, used 7627K [0xb3140000, 0xb5bc0000, 0xddbc0000)
  object space 43520K, 17% used [0xb3140000,0xb38b2eb0,0xb5bc0000)
 PSPermGen       total 16384K, used 11640K [0xab140000, 0xac140000, 0xb3140000)
  object space 16384K, 71% used [0xab140000,0xabc9e0a8,0xac140000)
Event: 3.072 GC heap after
Heap after GC invocations=16 (full 0):
 PSYoungGen      total 343552K, used 627K [0xddbc0000, 0xf3080000, 0xf3140000)
  eden space 338176K, 0% used [0xddbc0000,0xddbc0000,0xf2600000)
  from space 5376K, 11% used [0xf2b40000,0xf2bdce30,0xf3080000)
  to   space 5376K, 0% used [0xf2600000,0xf2600000,0xf2b40000)
 ParOldGen       total 43520K, used 7635K [0xb3140000, 0xb5bc0000, 0xddbc0000)
  object space 43520K, 17% used [0xb3140000,0xb38b4eb0,0xb5bc0000)
 PSPermGen       total 16384K, used 11640K [0xab140000, 0xac140000, 0xb3140000)
  object space 16384K, 71% used [0xab140000,0xabc9e0a8,0xac140000)
}
Event: 3.304 GC heap before
{Heap before GC invocations=17 (full 0):
 PSYoungGen      total 343552K, used 338803K [0xddbc0000, 0xf3080000, 0xf3140000)
  eden space 338176K, 100% used [0xddbc0000,0xf2600000,0xf2600000)
  from space 5376K, 11% used [0xf2b40000,0xf2bdce30,0xf3080000)
  to   space 5376K, 0% used [0xf2600000,0xf2600000,0xf2b40000)
 ParOldGen       total 43520K, used 7635K [0xb3140000, 0xb5bc0000, 0xddbc0000)
  object space 43520K, 17% used [0xb3140000,0xb38b4eb0,0xb5bc0000)
 PSPermGen       total 16384K, used 11641K [0xab140000, 0xac140000, 0xb3140000)
  object space 16384K, 71% used [0xab140000,0xabc9e7b8,0xac140000)
Event: 3.306 GC heap after
Heap after GC invocations=17 (full 0):
 PSYoungGen      total 323072K, used 643K [0xddbc0000, 0xf2b80000, 0xf3140000)
  eden space 322304K, 0% used [0xddbc0000,0xddbc0000,0xf1680000)
  from space 768K, 83% used [0xf2600000,0xf26a0e30,0xf26c0000)
  to   space 4864K, 0% used [0xf26c0000,0xf26c0000,0xf2b80000)
 ParOldGen       total 43520K, used 7635K [0xb3140000, 0xb5bc0000, 0xddbc0000)
  object space 43520K, 17% used [0xb3140000,0xb38b4eb0,0xb5bc0000)
 PSPermGen       total 16384K, used 11641K [0xab140000, 0xac140000, 0xb3140000)
  object space 16384K, 71% used [0xab140000,0xabc9e7b8,0xac140000)
}
Event: 3.521 GC heap before
{Heap before GC invocations=18 (full 0):
 PSYoungGen      total 323072K, used 322947K [0xddbc0000, 0xf2b80000, 0xf3140000)
  eden space 322304K, 100% used [0xddbc0000,0xf1680000,0xf1680000)
  from space 768K, 83% used [0xf2600000,0xf26a0e30,0xf26c0000)
  to   space 4864K, 0% used [0xf26c0000,0xf26c0000,0xf2b80000)
 ParOldGen       total 43520K, used 7635K [0xb3140000, 0xb5bc0000, 0xddbc0000)
  object space 43520K, 17% used [0xb3140000,0xb38b4eb0,0xb5bc0000)
 PSPermGen       total 16384K, used 11643K [0xab140000, 0xac140000, 0xb3140000)
  object space 16384K, 71% used [0xab140000,0xabc9ee80,0xac140000)
Event: 3.523 GC heap after
Heap after GC invocations=18 (full 0):
 PSYoungGen      total 307968K, used 611K [0xddbc0000, 0xf2780000, 0xf3140000)
  eden space 307200K, 0% used [0xddbc0000,0xddbc0000,0xf07c0000)
  from space 768K, 79% used [0xf26c0000,0xf2758e30,0xf2780000)
  to   space 4864K, 0% used [0xf1e00000,0xf1e00000,0xf22c0000)
 ParOldGen       total 43520K, used 7639K [0xb3140000, 0xb5bc0000, 0xddbc0000)
  object space 43520K, 17% used [0xb3140000,0xb38b5eb0,0xb5bc0000)
 PSPermGen       total 16384K, used 11643K [0xab140000, 0xac140000, 0xb3140000)
  object space 16384K, 71% used [0xab140000,0xabc9ee80,0xac140000)
}

