# JRE version: OpenJDK Runtime Environment (7.0_79-b14) (build 1.7.0_79-b14)
# Java VM: OpenJDK Server VM (24.79-b02 mixed mode linux-x86 )
Heap
 PSYoungGen      total 36352K, used 25700K [0xddb80000, 0xe2a00000, 0xf3100000)
  eden space 33792K, 68% used [0xddb80000,0xdf21b358,0xdfc80000)
  from space 2560K, 99% used [0xdfc80000,0xdfefdf30,0xdff00000)
  to   space 6400K, 0% used [0xe23c0000,0xe23c0000,0xe2a00000)
 ParOldGen       total 43520K, used 6874K [0xb3100000, 0xb5b80000, 0xddb80000)
  object space 43520K, 15% used [0xb3100000,0xb37b6978,0xb5b80000)
 PSPermGen       total 16384K, used 11565K [0xab100000, 0xac100000, 0xb3100000)
  object space 16384K, 70% used [0xab100000,0xabc4b600,0xac100000)
GC Heap History (10 events):
Event: 0.795 GC heap before
{Heap before GC invocations=1 (full 0):
 PSYoungGen      total 19456K, used 16896K [0xddb80000, 0xdf100000, 0xf3100000)
  eden space 16896K, 100% used [0xddb80000,0xdec00000,0xdec00000)
  from space 2560K, 0% used [0xdee80000,0xdee80000,0xdf100000)
  to   space 2560K, 0% used [0xdec00000,0xdec00000,0xdee80000)
 ParOldGen       total 43520K, used 0K [0xb3100000, 0xb5b80000, 0xddb80000)
  object space 43520K, 0% used [0xb3100000,0xb3100000,0xb5b80000)
 PSPermGen       total 16384K, used 9298K [0xab100000, 0xac100000, 0xb3100000)
  object space 16384K, 56% used [0xab100000,0xaba14850,0xac100000)
Event: 0.799 GC heap after
Heap after GC invocations=1 (full 0):
 PSYoungGen      total 19456K, used 2548K [0xddb80000, 0xdf100000, 0xf3100000)
  eden space 16896K, 0% used [0xddb80000,0xddb80000,0xdec00000)
  from space 2560K, 99% used [0xdec00000,0xdee7d368,0xdee80000)
  to   space 2560K, 0% used [0xdee80000,0xdee80000,0xdf100000)
 ParOldGen       total 43520K, used 1590K [0xb3100000, 0xb5b80000, 0xddb80000)
  object space 43520K, 3% used [0xb3100000,0xb328d808,0xb5b80000)
 PSPermGen       total 16384K, used 9298K [0xab100000, 0xac100000, 0xb3100000)
  object space 16384K, 56% used [0xab100000,0xaba14850,0xac100000)
}
Event: 1.217 GC heap before
{Heap before GC invocations=2 (full 0):
 PSYoungGen      total 19456K, used 19444K [0xddb80000, 0xdf100000, 0xf3100000)
  eden space 16896K, 100% used [0xddb80000,0xdec00000,0xdec00000)
  from space 2560K, 99% used [0xdec00000,0xdee7d368,0xdee80000)
  to   space 2560K, 0% used [0xdee80000,0xdee80000,0xdf100000)
 ParOldGen       total 43520K, used 1590K [0xb3100000, 0xb5b80000, 0xddb80000)
  object space 43520K, 3% used [0xb3100000,0xb328d808,0xb5b80000)
 PSPermGen       total 16384K, used 11288K [0xab100000, 0xac100000, 0xb3100000)
  object space 16384K, 68% used [0xab100000,0xabc062b0,0xac100000)
Event: 1.221 GC heap after
Heap after GC invocations=2 (full 0):
 PSYoungGen      total 19456K, used 2545K [0xddb80000, 0xdf100000, 0xf3100000)
  eden space 16896K, 0% used [0xddb80000,0xddb80000,0xdec00000)
  from space 2560K, 99% used [0xdee80000,0xdf0fc7a0,0xdf100000)
  to   space 2560K, 0% used [0xdec00000,0xdec00000,0xdee80000)
 ParOldGen       total 43520K, used 4764K [0xb3100000, 0xb5b80000, 0xddb80000)
  object space 43520K, 10% used [0xb3100000,0xb35a7390,0xb5b80000)
 PSPermGen       total 16384K, used 11288K [0xab100000, 0xac100000, 0xb3100000)
  object space 16384K, 68% used [0xab100000,0xabc062b0,0xac100000)
}
Event: 1.261 GC heap before
{Heap before GC invocations=3 (full 0):
 PSYoungGen      total 19456K, used 19436K [0xddb80000, 0xdf100000, 0xf3100000)
  eden space 16896K, 99% used [0xddb80000,0xdebfe9a0,0xdec00000)
  from space 2560K, 99% used [0xdee80000,0xdf0fc7a0,0xdf100000)
  to   space 2560K, 0% used [0xdec00000,0xdec00000,0xdee80000)
 ParOldGen       total 43520K, used 4764K [0xb3100000, 0xb5b80000, 0xddb80000)
  object space 43520K, 10% used [0xb3100000,0xb35a7390,0xb5b80000)
 PSPermGen       total 16384K, used 11399K [0xab100000, 0xac100000, 0xb3100000)
  object space 16384K, 69% used [0xab100000,0xabc21ff8,0xac100000)
Event: 1.263 GC heap after
Heap after GC invocations=3 (full 0):
 PSYoungGen      total 19456K, used 2559K [0xddb80000, 0xe0180000, 0xf3100000)
  eden space 16896K, 0% used [0xddb80000,0xddb80000,0xdec00000)
  from space 2560K, 99% used [0xdec00000,0xdee7fe30,0xdee80000)
  to   space 2560K, 0% used [0xdff00000,0xdff00000,0xe0180000)
 ParOldGen       total 43520K, used 4941K [0xb3100000, 0xb5b80000, 0xddb80000)
  object space 43520K, 11% used [0xb3100000,0xb35d3790,0xb5b80000)
 PSPermGen       total 16384K, used 11399K [0xab100000, 0xac100000, 0xb3100000)
  object space 16384K, 69% used [0xab100000,0xabc21ff8,0xac100000)
}
Event: 1.306 GC heap before
{Heap before GC invocations=4 (full 0):
 PSYoungGen      total 19456K, used 19447K [0xddb80000, 0xe0180000, 0xf3100000)
  eden space 16896K, 99% used [0xddb80000,0xdebfe0a0,0xdec00000)
  from space 2560K, 99% used [0xdec00000,0xdee7fe30,0xdee80000)
  to   space 2560K, 0% used [0xdff00000,0xdff00000,0xe0180000)
 ParOldGen       total 43520K, used 4941K [0xb3100000, 0xb5b80000, 0xddb80000)
  object space 43520K, 11% used [0xb3100000,0xb35d3790,0xb5b80000)
 PSPermGen       total 16384K, used 11422K [0xab100000, 0xac100000, 0xb3100000)
  object space 16384K, 69% used [0xab100000,0xabc27ae8,0xac100000)
Event: 1.309 GC heap after
Heap after GC invocations=4 (full 0):
 PSYoungGen      total 36352K, used 2559K [0xddb80000, 0xe0180000, 0xf3100000)
  eden space 33792K, 0% used [0xddb80000,0xddb80000,0xdfc80000)
  from space 2560K, 99% used [0xdff00000,0xe017fd40,0xe0180000)
  to   space 2560K, 0% used [0xdfc80000,0xdfc80000,0xdff00000)
 ParOldGen       total 43520K, used 5061K [0xb3100000, 0xb5b80000, 0xddb80000)
  object space 43520K, 11% used [0xb3100000,0xb35f1490,0xb5b80000)
 PSPermGen       total 16384K, used 11422K [0xab100000, 0xac100000, 0xb3100000)
  object space 16384K, 69% used [0xab100000,0xabc27ae8,0xac100000)
}
Event: 1.353 GC heap before
{Heap before GC invocations=5 (full 0):
 PSYoungGen      total 36352K, used 36343K [0xddb80000, 0xe0180000, 0xf3100000)
  eden space 33792K, 99% used [0xddb80000,0xdfc7ded8,0xdfc80000)
  from space 2560K, 99% used [0xdff00000,0xe017fd40,0xe0180000)
  to   space 2560K, 0% used [0xdfc80000,0xdfc80000,0xdff00000)
 ParOldGen       total 43520K, used 5061K [0xb3100000, 0xb5b80000, 0xddb80000)
  object space 43520K, 11% used [0xb3100000,0xb35f1490,0xb5b80000)
 PSPermGen       total 16384K, used 11447K [0xab100000, 0xac100000, 0xb3100000)
  object space 16384K, 69% used [0xab100000,0xabc2de90,0xac100000)
Event: 1.355 GC heap after
Heap after GC invocations=5 (full 0):
 PSYoungGen      total 36352K, used 2551K [0xddb80000, 0xe2a00000, 0xf3100000)
  eden space 33792K, 0% used [0xddb80000,0xddb80000,0xdfc80000)
  from space 2560K, 99% used [0xdfc80000,0xdfefdf30,0xdff00000)
  to   space 6400K, 0% used [0xe23c0000,0xe23c0000,0xe2a00000)
 ParOldGen       total 43520K, used 6874K [0xb3100000, 0xb5b80000, 0xddb80000)
  object space 43520K, 15% used [0xb3100000,0xb37b6978,0xb5b80000)
 PSPermGen       total 16384K, used 11447K [0xab100000, 0xac100000, 0xb3100000)
  object space 16384K, 69% used [0xab100000,0xabc2de90,0xac100000)
}

