# JRE version: Java(TM) SE Runtime Environment (8.0_11-b12) (build 1.8.0_11-b12)
# Java VM: Java HotSpot(TM) Client VM (25.11-b03 mixed mode, sharing windows-x86 )
Heap:
 def new generation   total 4928K, used 3469K [0x04200000, 0x04750000, 0x09750000)
  eden space 4416K,  75% used [0x04200000, 0x04542860, 0x04650000)
  from space 512K,  25% used [0x04650000, 0x04670f70, 0x046d0000)
  to   space 512K,   0% used [0x046d0000, 0x046d0000, 0x04750000)
 tenured generation   total 10944K, used 9042K [0x09750000, 0x0a200000, 0x14200000)
   the space 10944K,  82% used [0x09750000, 0x0a024920, 0x0a024a00, 0x0a200000)
 Metaspace       used 4893K, capacity 5845K, committed 5888K, reserved 6528K
GC Heap History (10 events):
Event: 2.489 GC heap before
{Heap before GC invocations=19 (full 0):
 def new generation   total 4928K, used 4521K [0x04200000, 0x04750000, 0x09750000)
  eden space 4416K,  99% used [0x04200000, 0x0464fb10, 0x04650000)
  from space 512K,  20% used [0x046d0000, 0x046eab20, 0x04750000)
  to   space 512K,   0% used [0x04650000, 0x04650000, 0x046d0000)
 tenured generation   total 10944K, used 9042K [0x09750000, 0x0a200000, 0x14200000)
   the space 10944K,  82% used [0x09750000, 0x0a024920, 0x0a024a00, 0x0a200000)
 Metaspace       used 4826K, capacity 5845K, committed 5888K, reserved 6528K
Event: 2.490 GC heap after
Heap after GC invocations=20 (full 0):
 def new generation   total 4928K, used 178K [0x04200000, 0x04750000, 0x09750000)
  eden space 4416K,   0% used [0x04200000, 0x04200000, 0x04650000)
  from space 512K,  34% used [0x04650000, 0x0467ca50, 0x046d0000)
  to   space 512K,   0% used [0x046d0000, 0x046d0000, 0x04750000)
 tenured generation   total 10944K, used 9042K [0x09750000, 0x0a200000, 0x14200000)
   the space 10944K,  82% used [0x09750000, 0x0a024920, 0x0a024a00, 0x0a200000)
 Metaspace       used 4826K, capacity 5845K, committed 5888K, reserved 6528K
}
Event: 2.491 GC heap before
{Heap before GC invocations=20 (full 0):
 def new generation   total 4928K, used 4593K [0x04200000, 0x04750000, 0x09750000)
  eden space 4416K,  99% used [0x04200000, 0x0464fc90, 0x04650000)
  from space 512K,  34% used [0x04650000, 0x0467ca50, 0x046d0000)
  to   space 512K,   0% used [0x046d0000, 0x046d0000, 0x04750000)
 tenured generation   total 10944K, used 9042K [0x09750000, 0x0a200000, 0x14200000)
   the space 10944K,  82% used [0x09750000, 0x0a024920, 0x0a024a00, 0x0a200000)
 Metaspace       used 4826K, capacity 5845K, committed 5888K, reserved 6528K
Event: 2.491 GC heap after
Heap after GC invocations=21 (full 0):
 def new generation   total 4928K, used 128K [0x04200000, 0x04750000, 0x09750000)
  eden space 4416K,   0% used [0x04200000, 0x04200000, 0x04650000)
  from space 512K,  25% used [0x046d0000, 0x046f0368, 0x04750000)
  to   space 512K,   0% used [0x04650000, 0x04650000, 0x046d0000)
 tenured generation   total 10944K, used 9042K [0x09750000, 0x0a200000, 0x14200000)
   the space 10944K,  82% used [0x09750000, 0x0a024920, 0x0a024a00, 0x0a200000)
 Metaspace       used 4826K, capacity 5845K, committed 5888K, reserved 6528K
}
Event: 2.492 GC heap before
{Heap before GC invocations=21 (full 0):
 def new generation   total 4928K, used 4536K [0x04200000, 0x04750000, 0x09750000)
  eden space 4416K,  99% used [0x04200000, 0x0464de08, 0x04650000)
  from space 512K,  25% used [0x046d0000, 0x046f0368, 0x04750000)
  to   space 512K,   0% used [0x04650000, 0x04650000, 0x046d0000)
 tenured generation   total 10944K, used 9042K [0x09750000, 0x0a200000, 0x14200000)
   the space 10944K,  82% used [0x09750000, 0x0a024920, 0x0a024a00, 0x0a200000)
 Metaspace       used 4826K, capacity 5845K, committed 5888K, reserved 6528K
Event: 2.493 GC heap after
Heap after GC invocations=22 (full 0):
 def new generation   total 4928K, used 126K [0x04200000, 0x04750000, 0x09750000)
  eden space 4416K,   0% used [0x04200000, 0x04200000, 0x04650000)
  from space 512K,  24% used [0x04650000, 0x0466f9b8, 0x046d0000)
  to   space 512K,   0% used [0x046d0000, 0x046d0000, 0x04750000)
 tenured generation   total 10944K, used 9042K [0x09750000, 0x0a200000, 0x14200000)
   the space 10944K,  82% used [0x09750000, 0x0a024920, 0x0a024a00, 0x0a200000)
 Metaspace       used 4826K, capacity 5845K, committed 5888K, reserved 6528K
}
Event: 2.494 GC heap before
{Heap before GC invocations=22 (full 0):
 def new generation   total 4928K, used 4541K [0x04200000, 0x04750000, 0x09750000)
  eden space 4416K,  99% used [0x04200000, 0x0464fb30, 0x04650000)
  from space 512K,  24% used [0x04650000, 0x0466f9b8, 0x046d0000)
  to   space 512K,   0% used [0x046d0000, 0x046d0000, 0x04750000)
 tenured generation   total 10944K, used 9042K [0x09750000, 0x0a200000, 0x14200000)
   the space 10944K,  82% used [0x09750000, 0x0a024920, 0x0a024a00, 0x0a200000)
 Metaspace       used 4826K, capacity 5845K, committed 5888K, reserved 6528K
Event: 2.494 GC heap after
Heap after GC invocations=23 (full 0):
 def new generation   total 4928K, used 129K [0x04200000, 0x04750000, 0x09750000)
  eden space 4416K,   0% used [0x04200000, 0x04200000, 0x04650000)
  from space 512K,  25% used [0x046d0000, 0x046f0590, 0x04750000)
  to   space 512K,   0% used [0x04650000, 0x04650000, 0x046d0000)
 tenured generation   total 10944K, used 9042K [0x09750000, 0x0a200000, 0x14200000)
   the space 10944K,  82% used [0x09750000, 0x0a024920, 0x0a024a00, 0x0a200000)
 Metaspace       used 4826K, capacity 5845K, committed 5888K, reserved 6528K
}
Event: 2.495 GC heap before
{Heap before GC invocations=23 (full 0):
 def new generation   total 4928K, used 4539K [0x04200000, 0x04750000, 0x09750000)
  eden space 4416K,  99% used [0x04200000, 0x0464e898, 0x04650000)
  from space 512K,  25% used [0x046d0000, 0x046f0590, 0x04750000)
  to   space 512K,   0% used [0x04650000, 0x04650000, 0x046d0000)
 tenured generation   total 10944K, used 9042K [0x09750000, 0x0a200000, 0x14200000)
   the space 10944K,  82% used [0x09750000, 0x0a024920, 0x0a024a00, 0x0a200000)
 Metaspace       used 4826K, capacity 5845K, committed 5888K, reserved 6528K
Event: 2.496 GC heap after
Heap after GC invocations=24 (full 0):
 def new generation   total 4928K, used 131K [0x04200000, 0x04750000, 0x09750000)
  eden space 4416K,   0% used [0x04200000, 0x04200000, 0x04650000)
  from space 512K,  25% used [0x04650000, 0x04670f70, 0x046d0000)
  to   space 512K,   0% used [0x046d0000, 0x046d0000, 0x04750000)
 tenured generation   total 10944K, used 9042K [0x09750000, 0x0a200000, 0x14200000)
   the space 10944K,  82% used [0x09750000, 0x0a024920, 0x0a024a00, 0x0a200000)
 Metaspace       used 4826K, capacity 5845K, committed 5888K, reserved 6528K
}

