# JRE version: OpenJDK Runtime Environment (7.0_79-b14) (build 1.7.0_79-b14)
# Java VM: OpenJDK Server VM (24.79-b02 mixed mode linux-x86 )
Heap
 PSYoungGen      total 342528K, used 234145K [0xddb00000, 0xf3040000, 0xf3080000)
  eden space 336128K, 69% used [0xddb00000,0xebf0b5e8,0xf2340000)
  from space 6400K, 9% used [0xf2340000,0xf23dce30,0xf2980000)
  to   space 6144K, 0% used [0xf2a40000,0xf2a40000,0xf3040000)
 ParOldGen       total 43520K, used 9907K [0xb3080000, 0xb5b00000, 0xddb00000)
  object space 43520K, 22% used [0xb3080000,0xb3a2cf20,0xb5b00000)
 PSPermGen       total 16384K, used 11670K [0xab080000, 0xac080000, 0xb3080000)
  object space 16384K, 71% used [0xab080000,0xabbe5958,0xac080000)
GC Heap History (10 events):
Event: 1.978 GC heap before
{Heap before GC invocations=11 (full 0):
 PSYoungGen      total 223488K, used 216658K [0xddb00000, 0xebc40000, 0xf3080000)
  eden space 216320K, 100% used [0xddb00000,0xeae40000,0xeae40000)
  from space 7168K, 4% used [0xeb540000,0xeb594810,0xebc40000)
  to   space 7168K, 0% used [0xeae40000,0xeae40000,0xeb540000)
 ParOldGen       total 43520K, used 9891K [0xb3080000, 0xb5b00000, 0xddb00000)
  object space 43520K, 22% used [0xb3080000,0xb3a28f20,0xb5b00000)
 PSPermGen       total 16384K, used 11643K [0xab080000, 0xac080000, 0xb3080000)
  object space 16384K, 71% used [0xab080000,0xabbdeef8,0xac080000)
Event: 1.980 GC heap after
Heap after GC invocations=11 (full 0):
 PSYoungGen      total 223488K, used 420K [0xddb00000, 0xf3080000, 0xf3080000)
  eden space 216320K, 0% used [0xddb00000,0xddb00000,0xeae40000)
  from space 7168K, 5% used [0xeae40000,0xeaea9198,0xeb540000)
  to   space 7168K, 0% used [0xf2980000,0xf2980000,0xf3080000)
 ParOldGen       total 43520K, used 9895K [0xb3080000, 0xb5b00000, 0xddb00000)
  object space 43520K, 22% used [0xb3080000,0xb3a29f20,0xb5b00000)
 PSPermGen       total 16384K, used 11643K [0xab080000, 0xac080000, 0xb3080000)
  object space 16384K, 71% used [0xab080000,0xabbdeef8,0xac080000)
}
Event: 2.123 GC heap before
{Heap before GC invocations=12 (full 0):
 PSYoungGen      total 223488K, used 216740K [0xddb00000, 0xf3080000, 0xf3080000)
  eden space 216320K, 100% used [0xddb00000,0xeae40000,0xeae40000)
  from space 7168K, 5% used [0xeae40000,0xeaea9198,0xeb540000)
  to   space 7168K, 0% used [0xf2980000,0xf2980000,0xf3080000)
 ParOldGen       total 43520K, used 9895K [0xb3080000, 0xb5b00000, 0xddb00000)
  object space 43520K, 22% used [0xb3080000,0xb3a29f20,0xb5b00000)
 PSPermGen       total 16384K, used 11644K [0xab080000, 0xac080000, 0xb3080000)
  object space 16384K, 71% used [0xab080000,0xabbdf218,0xac080000)
Event: 2.125 GC heap after
Heap after GC invocations=12 (full 0):
 PSYoungGen      total 342016K, used 422K [0xddb00000, 0xf3000000, 0xf3080000)
  eden space 335360K, 0% used [0xddb00000,0xddb00000,0xf2280000)
  from space 6656K, 6% used [0xf2980000,0xf29e9988,0xf3000000)
  to   space 6912K, 0% used [0xf2280000,0xf2280000,0xf2940000)
 ParOldGen       total 43520K, used 9895K [0xb3080000, 0xb5b00000, 0xddb00000)
  object space 43520K, 22% used [0xb3080000,0xb3a29f20,0xb5b00000)
 PSPermGen       total 16384K, used 11644K [0xab080000, 0xac080000, 0xb3080000)
  object space 16384K, 71% used [0xab080000,0xabbdf218,0xac080000)
}
Event: 2.380 GC heap before
{Heap before GC invocations=13 (full 0):
 PSYoungGen      total 342016K, used 335782K [0xddb00000, 0xf3000000, 0xf3080000)
  eden space 335360K, 100% used [0xddb00000,0xf2280000,0xf2280000)
  from space 6656K, 6% used [0xf2980000,0xf29e9988,0xf3000000)
  to   space 6912K, 0% used [0xf2280000,0xf2280000,0xf2940000)
 ParOldGen       total 43520K, used 9895K [0xb3080000, 0xb5b00000, 0xddb00000)
  object space 43520K, 22% used [0xb3080000,0xb3a29f20,0xb5b00000)
 PSPermGen       total 16384K, used 11652K [0xab080000, 0xac080000, 0xb3080000)
  object space 16384K, 71% used [0xab080000,0xabbe11a0,0xac080000)
Event: 2.382 GC heap after
Heap after GC invocations=13 (full 0):
 PSYoungGen      total 342272K, used 643K [0xddb00000, 0xf3040000, 0xf3080000)
  eden space 335360K, 0% used [0xddb00000,0xddb00000,0xf2280000)
  from space 6912K, 9% used [0xf2280000,0xf2320f88,0xf2940000)
  to   space 6656K, 0% used [0xf29c0000,0xf29c0000,0xf3040000)
 ParOldGen       total 43520K, used 9895K [0xb3080000, 0xb5b00000, 0xddb00000)
  object space 43520K, 22% used [0xb3080000,0xb3a29f20,0xb5b00000)
 PSPermGen       total 16384K, used 11652K [0xab080000, 0xac080000, 0xb3080000)
  object space 16384K, 71% used [0xab080000,0xabbe11a0,0xac080000)
}
Event: 2.603 GC heap before
{Heap before GC invocations=14 (full 0):
 PSYoungGen      total 342272K, used 336003K [0xddb00000, 0xf3040000, 0xf3080000)
  eden space 335360K, 100% used [0xddb00000,0xf2280000,0xf2280000)
  from space 6912K, 9% used [0xf2280000,0xf2320f88,0xf2940000)
  to   space 6656K, 0% used [0xf29c0000,0xf29c0000,0xf3040000)
 ParOldGen       total 43520K, used 9895K [0xb3080000, 0xb5b00000, 0xddb00000)
  object space 43520K, 22% used [0xb3080000,0xb3a29f20,0xb5b00000)
 PSPermGen       total 16384K, used 11653K [0xab080000, 0xac080000, 0xb3080000)
  object space 16384K, 71% used [0xab080000,0xabbe1410,0xac080000)
Event: 2.605 GC heap after
Heap after GC invocations=14 (full 0):
 PSYoungGen      total 342272K, used 627K [0xddb00000, 0xf2fc0000, 0xf3080000)
  eden space 336128K, 0% used [0xddb00000,0xddb00000,0xf2340000)
  from space 6144K, 10% used [0xf29c0000,0xf2a5ce30,0xf2fc0000)
  to   space 6400K, 0% used [0xf2340000,0xf2340000,0xf2980000)
 ParOldGen       total 43520K, used 9899K [0xb3080000, 0xb5b00000, 0xddb00000)
  object space 43520K, 22% used [0xb3080000,0xb3a2af20,0xb5b00000)
 PSPermGen       total 16384K, used 11653K [0xab080000, 0xac080000, 0xb3080000)
  object space 16384K, 71% used [0xab080000,0xabbe1410,0xac080000)
}
Event: 2.843 GC heap before
{Heap before GC invocations=15 (full 0):
 PSYoungGen      total 342272K, used 336755K [0xddb00000, 0xf2fc0000, 0xf3080000)
  eden space 336128K, 100% used [0xddb00000,0xf2340000,0xf2340000)
  from space 6144K, 10% used [0xf29c0000,0xf2a5ce30,0xf2fc0000)
  to   space 6400K, 0% used [0xf2340000,0xf2340000,0xf2980000)
 ParOldGen       total 43520K, used 9899K [0xb3080000, 0xb5b00000, 0xddb00000)
  object space 43520K, 22% used [0xb3080000,0xb3a2af20,0xb5b00000)
 PSPermGen       total 16384K, used 11654K [0xab080000, 0xac080000, 0xb3080000)
  object space 16384K, 71% used [0xab080000,0xabbe1a58,0xac080000)
Event: 2.845 GC heap after
Heap after GC invocations=15 (full 0):
 PSYoungGen      total 342528K, used 627K [0xddb00000, 0xf3040000, 0xf3080000)
  eden space 336128K, 0% used [0xddb00000,0xddb00000,0xf2340000)
  from space 6400K, 9% used [0xf2340000,0xf23dce30,0xf2980000)
  to   space 6144K, 0% used [0xf2a40000,0xf2a40000,0xf3040000)
 ParOldGen       total 43520K, used 9907K [0xb3080000, 0xb5b00000, 0xddb00000)
  object space 43520K, 22% used [0xb3080000,0xb3a2cf20,0xb5b00000)
 PSPermGen       total 16384K, used 11654K [0xab080000, 0xac080000, 0xb3080000)
  object space 16384K, 71% used [0xab080000,0xabbe1a58,0xac080000)
}

