# JRE version: Java(TM) SE Runtime Environment (8.0_11-b12) (build 1.8.0_11-b12)
# Java VM: Java HotSpot(TM) Client VM (25.11-b03 mixed mode windows-x86 )
Heap:
 def new generation   total 4928K, used 3091K [0x04e00000, 0x05350000, 0x0a350000)
  eden space 4416K,  67% used [0x04e00000, 0x050e3f88, 0x05250000)
  from space 512K,  25% used [0x05250000, 0x05271038, 0x052d0000)
  to   space 512K,   0% used [0x052d0000, 0x052d0000, 0x05350000)
 tenured generation   total 10944K, used 9131K [0x0a350000, 0x0ae00000, 0x14e00000)
   the space 10944K,  83% used [0x0a350000, 0x0ac3ac18, 0x0ac3ae00, 0x0ae00000)
 Metaspace       used 9789K, capacity 9885K, committed 9984K, reserved 10624K
GC Heap History (10 events):
Event: 2.473 GC heap before
{Heap before GC invocations=19 (full 0):
 def new generation   total 4928K, used 4522K [0x04e00000, 0x05350000, 0x0a350000)
  eden space 4416K, 100% used [0x04e00000, 0x05250000, 0x05250000)
  from space 512K,  20% used [0x052d0000, 0x052eabc0, 0x05350000)
  to   space 512K,   0% used [0x05250000, 0x05250000, 0x052d0000)
 tenured generation   total 10944K, used 9131K [0x0a350000, 0x0ae00000, 0x14e00000)
   the space 10944K,  83% used [0x0a350000, 0x0ac3ac18, 0x0ac3ae00, 0x0ae00000)
 Metaspace       used 9710K, capacity 9821K, committed 9856K, reserved 10624K
Event: 2.474 GC heap after
Heap after GC invocations=20 (full 0):
 def new generation   total 4928K, used 179K [0x04e00000, 0x05350000, 0x0a350000)
  eden space 4416K,   0% used [0x04e00000, 0x04e00000, 0x05250000)
  from space 512K,  35% used [0x05250000, 0x0527cd98, 0x052d0000)
  to   space 512K,   0% used [0x052d0000, 0x052d0000, 0x05350000)
 tenured generation   total 10944K, used 9131K [0x0a350000, 0x0ae00000, 0x14e00000)
   the space 10944K,  83% used [0x0a350000, 0x0ac3ac18, 0x0ac3ae00, 0x0ae00000)
 Metaspace       used 9710K, capacity 9821K, committed 9856K, reserved 10624K
}
Event: 2.475 GC heap before
{Heap before GC invocations=20 (full 0):
 def new generation   total 4928K, used 4588K [0x04e00000, 0x05350000, 0x0a350000)
  eden space 4416K,  99% used [0x04e00000, 0x0524e388, 0x05250000)
  from space 512K,  35% used [0x05250000, 0x0527cd98, 0x052d0000)
  to   space 512K,   0% used [0x052d0000, 0x052d0000, 0x05350000)
 tenured generation   total 10944K, used 9131K [0x0a350000, 0x0ae00000, 0x14e00000)
   the space 10944K,  83% used [0x0a350000, 0x0ac3ac18, 0x0ac3ae00, 0x0ae00000)
 Metaspace       used 9710K, capacity 9821K, committed 9856K, reserved 10624K
Event: 2.475 GC heap after
Heap after GC invocations=21 (full 0):
 def new generation   total 4928K, used 128K [0x04e00000, 0x05350000, 0x0a350000)
  eden space 4416K,   0% used [0x04e00000, 0x04e00000, 0x05250000)
  from space 512K,  25% used [0x052d0000, 0x052f03c0, 0x05350000)
  to   space 512K,   0% used [0x05250000, 0x05250000, 0x052d0000)
 tenured generation   total 10944K, used 9131K [0x0a350000, 0x0ae00000, 0x14e00000)
   the space 10944K,  83% used [0x0a350000, 0x0ac3ac18, 0x0ac3ae00, 0x0ae00000)
 Metaspace       used 9710K, capacity 9821K, committed 9856K, reserved 10624K
}
Event: 2.476 GC heap before
{Heap before GC invocations=21 (full 0):
 def new generation   total 4928K, used 4532K [0x04e00000, 0x05350000, 0x0a350000)
  eden space 4416K,  99% used [0x04e00000, 0x0524cd60, 0x05250000)
  from space 512K,  25% used [0x052d0000, 0x052f03c0, 0x05350000)
  to   space 512K,   0% used [0x05250000, 0x05250000, 0x052d0000)
 tenured generation   total 10944K, used 9131K [0x0a350000, 0x0ae00000, 0x14e00000)
   the space 10944K,  83% used [0x0a350000, 0x0ac3ac18, 0x0ac3ae00, 0x0ae00000)
 Metaspace       used 9710K, capacity 9821K, committed 9856K, reserved 10624K
Event: 2.477 GC heap after
Heap after GC invocations=22 (full 0):
 def new generation   total 4928K, used 126K [0x04e00000, 0x05350000, 0x0a350000)
  eden space 4416K,   0% used [0x04e00000, 0x04e00000, 0x05250000)
  from space 512K,  24% used [0x05250000, 0x0526faf0, 0x052d0000)
  to   space 512K,   0% used [0x052d0000, 0x052d0000, 0x05350000)
 tenured generation   total 10944K, used 9131K [0x0a350000, 0x0ae00000, 0x14e00000)
   the space 10944K,  83% used [0x0a350000, 0x0ac3ac18, 0x0ac3ae00, 0x0ae00000)
 Metaspace       used 9710K, capacity 9821K, committed 9856K, reserved 10624K
}
Event: 2.478 GC heap before
{Heap before GC invocations=22 (full 0):
 def new generation   total 4928K, used 4532K [0x04e00000, 0x05350000, 0x0a350000)
  eden space 4416K,  99% used [0x04e00000, 0x0524d828, 0x05250000)
  from space 512K,  24% used [0x05250000, 0x0526faf0, 0x052d0000)
  to   space 512K,   0% used [0x052d0000, 0x052d0000, 0x05350000)
 tenured generation   total 10944K, used 9131K [0x0a350000, 0x0ae00000, 0x14e00000)
   the space 10944K,  83% used [0x0a350000, 0x0ac3ac18, 0x0ac3ae00, 0x0ae00000)
 Metaspace       used 9710K, capacity 9821K, committed 9856K, reserved 10624K
Event: 2.478 GC heap after
Heap after GC invocations=23 (full 0):
 def new generation   total 4928K, used 129K [0x04e00000, 0x05350000, 0x0a350000)
  eden space 4416K,   0% used [0x04e00000, 0x04e00000, 0x05250000)
  from space 512K,  25% used [0x052d0000, 0x052f0680, 0x05350000)
  to   space 512K,   0% used [0x05250000, 0x05250000, 0x052d0000)
 tenured generation   total 10944K, used 9131K [0x0a350000, 0x0ae00000, 0x14e00000)
   the space 10944K,  83% used [0x0a350000, 0x0ac3ac18, 0x0ac3ae00, 0x0ae00000)
 Metaspace       used 9710K, capacity 9821K, committed 9856K, reserved 10624K
}
Event: 2.479 GC heap before
{Heap before GC invocations=23 (full 0):
 def new generation   total 4928K, used 4543K [0x04e00000, 0x05350000, 0x0a350000)
  eden space 4416K,  99% used [0x04e00000, 0x0524f798, 0x05250000)
  from space 512K,  25% used [0x052d0000, 0x052f0680, 0x05350000)
  to   space 512K,   0% used [0x05250000, 0x05250000, 0x052d0000)
 tenured generation   total 10944K, used 9131K [0x0a350000, 0x0ae00000, 0x14e00000)
   the space 10944K,  83% used [0x0a350000, 0x0ac3ac18, 0x0ac3ae00, 0x0ae00000)
 Metaspace       used 9710K, capacity 9821K, committed 9856K, reserved 10624K
Event: 2.480 GC heap after
Heap after GC invocations=24 (full 0):
 def new generation   total 4928K, used 132K [0x04e00000, 0x05350000, 0x0a350000)
  eden space 4416K,   0% used [0x04e00000, 0x04e00000, 0x05250000)
  from space 512K,  25% used [0x05250000, 0x05271038, 0x052d0000)
  to   space 512K,   0% used [0x052d0000, 0x052d0000, 0x05350000)
 tenured generation   total 10944K, used 9131K [0x0a350000, 0x0ae00000, 0x14e00000)
   the space 10944K,  83% used [0x0a350000, 0x0ac3ac18, 0x0ac3ae00, 0x0ae00000)
 Metaspace       used 9710K, capacity 9821K, committed 9856K, reserved 10624K
}

