# JRE version: OpenJDK Runtime Environment (7.0_79-b14) (build 1.7.0_79-b14)
# Java VM: OpenJDK Server VM (24.79-b02 mixed mode linux-x86 )
Heap
 PSYoungGen      total 36352K, used 26130K [0xddb00000, 0xe2c00000, 0xf3080000)
  eden space 33792K, 69% used [0xddb00000,0xdf206dd0,0xdfc00000)
  from space 2560K, 99% used [0xdfc00000,0xdfe7ddf8,0xdfe80000)
  to   space 7680K, 0% used [0xe2480000,0xe2480000,0xe2c00000)
 ParOldGen       total 43520K, used 8652K [0xb3080000, 0xb5b00000, 0xddb00000)
  object space 43520K, 19% used [0xb3080000,0xb38f3268,0xb5b00000)
 PSPermGen       total 16384K, used 11605K [0xab080000, 0xac080000, 0xb3080000)
  object space 16384K, 70% used [0xab080000,0xabbd5540,0xac080000)
GC Heap History (10 events):
Event: 0.795 GC heap before
{Heap before GC invocations=1 (full 0):
 PSYoungGen      total 19456K, used 16896K [0xddb00000, 0xdf080000, 0xf3080000)
  eden space 16896K, 100% used [0xddb00000,0xdeb80000,0xdeb80000)
  from space 2560K, 0% used [0xdee00000,0xdee00000,0xdf080000)
  to   space 2560K, 0% used [0xdeb80000,0xdeb80000,0xdee00000)
 ParOldGen       total 43520K, used 0K [0xb3080000, 0xb5b00000, 0xddb00000)
  object space 43520K, 0% used [0xb3080000,0xb3080000,0xb5b00000)
 PSPermGen       total 16384K, used 9298K [0xab080000, 0xac080000, 0xb3080000)
  object space 16384K, 56% used [0xab080000,0xab994890,0xac080000)
Event: 0.800 GC heap after
Heap after GC invocations=1 (full 0):
 PSYoungGen      total 19456K, used 2548K [0xddb00000, 0xdf080000, 0xf3080000)
  eden space 16896K, 0% used [0xddb00000,0xddb00000,0xdeb80000)
  from space 2560K, 99% used [0xdeb80000,0xdedfd368,0xdee00000)
  to   space 2560K, 0% used [0xdee00000,0xdee00000,0xdf080000)
 ParOldGen       total 43520K, used 1588K [0xb3080000, 0xb5b00000, 0xddb00000)
  object space 43520K, 3% used [0xb3080000,0xb320d0b0,0xb5b00000)
 PSPermGen       total 16384K, used 9298K [0xab080000, 0xac080000, 0xb3080000)
  object space 16384K, 56% used [0xab080000,0xab994890,0xac080000)
}
Event: 1.208 GC heap before
{Heap before GC invocations=2 (full 0):
 PSYoungGen      total 19456K, used 19444K [0xddb00000, 0xdf080000, 0xf3080000)
  eden space 16896K, 100% used [0xddb00000,0xdeb80000,0xdeb80000)
  from space 2560K, 99% used [0xdeb80000,0xdedfd368,0xdee00000)
  to   space 2560K, 0% used [0xdee00000,0xdee00000,0xdf080000)
 ParOldGen       total 43520K, used 1588K [0xb3080000, 0xb5b00000, 0xddb00000)
  object space 43520K, 3% used [0xb3080000,0xb320d0b0,0xb5b00000)
 PSPermGen       total 16384K, used 11317K [0xab080000, 0xac080000, 0xb3080000)
  object space 16384K, 69% used [0xab080000,0xabb8d7d8,0xac080000)
Event: 1.212 GC heap after
Heap after GC invocations=2 (full 0):
 PSYoungGen      total 19456K, used 2546K [0xddb00000, 0xdf080000, 0xf3080000)
  eden space 16896K, 0% used [0xddb00000,0xddb00000,0xdeb80000)
  from space 2560K, 99% used [0xdee00000,0xdf07c868,0xdf080000)
  to   space 2560K, 0% used [0xdeb80000,0xdeb80000,0xdee00000)
 ParOldGen       total 43520K, used 4762K [0xb3080000, 0xb5b00000, 0xddb00000)
  object space 43520K, 10% used [0xb3080000,0xb3526858,0xb5b00000)
 PSPermGen       total 16384K, used 11317K [0xab080000, 0xac080000, 0xb3080000)
  object space 16384K, 69% used [0xab080000,0xabb8d7d8,0xac080000)
}
Event: 1.250 GC heap before
{Heap before GC invocations=3 (full 0):
 PSYoungGen      total 19456K, used 19440K [0xddb00000, 0xdf080000, 0xf3080000)
  eden space 16896K, 99% used [0xddb00000,0xdeb7f820,0xdeb80000)
  from space 2560K, 99% used [0xdee00000,0xdf07c868,0xdf080000)
  to   space 2560K, 0% used [0xdeb80000,0xdeb80000,0xdee00000)
 ParOldGen       total 43520K, used 4762K [0xb3080000, 0xb5b00000, 0xddb00000)
  object space 43520K, 10% used [0xb3080000,0xb3526858,0xb5b00000)
 PSPermGen       total 16384K, used 11429K [0xab080000, 0xac080000, 0xb3080000)
  object space 16384K, 69% used [0xab080000,0xabba9670,0xac080000)
Event: 1.253 GC heap after
Heap after GC invocations=3 (full 0):
 PSYoungGen      total 19456K, used 2544K [0xddb00000, 0xe0100000, 0xf3080000)
  eden space 16896K, 0% used [0xddb00000,0xddb00000,0xdeb80000)
  from space 2560K, 99% used [0xdeb80000,0xdedfc320,0xdee00000)
  to   space 2560K, 0% used [0xdfe80000,0xdfe80000,0xe0100000)
 ParOldGen       total 43520K, used 4965K [0xb3080000, 0xb5b00000, 0xddb00000)
  object space 43520K, 11% used [0xb3080000,0xb35595a0,0xb5b00000)
 PSPermGen       total 16384K, used 11429K [0xab080000, 0xac080000, 0xb3080000)
  object space 16384K, 69% used [0xab080000,0xabba9670,0xac080000)
}
Event: 1.296 GC heap before
{Heap before GC invocations=4 (full 0):
 PSYoungGen      total 19456K, used 19427K [0xddb00000, 0xe0100000, 0xf3080000)
  eden space 16896K, 99% used [0xddb00000,0xdeb7ca10,0xdeb80000)
  from space 2560K, 99% used [0xdeb80000,0xdedfc320,0xdee00000)
  to   space 2560K, 0% used [0xdfe80000,0xdfe80000,0xe0100000)
 ParOldGen       total 43520K, used 4965K [0xb3080000, 0xb5b00000, 0xddb00000)
  object space 43520K, 11% used [0xb3080000,0xb35595a0,0xb5b00000)
 PSPermGen       total 16384K, used 11452K [0xab080000, 0xac080000, 0xb3080000)
  object space 16384K, 69% used [0xab080000,0xabbaf0e8,0xac080000)
Event: 1.298 GC heap after
Heap after GC invocations=4 (full 0):
 PSYoungGen      total 36352K, used 2545K [0xddb00000, 0xe0100000, 0xf3080000)
  eden space 33792K, 0% used [0xddb00000,0xddb00000,0xdfc00000)
  from space 2560K, 99% used [0xdfe80000,0xe00fc5c0,0xe0100000)
  to   space 2560K, 0% used [0xdfc00000,0xdfc00000,0xdfe80000)
 ParOldGen       total 43520K, used 5083K [0xb3080000, 0xb5b00000, 0xddb00000)
  object space 43520K, 11% used [0xb3080000,0xb3576ef0,0xb5b00000)
 PSPermGen       total 16384K, used 11452K [0xab080000, 0xac080000, 0xb3080000)
  object space 16384K, 69% used [0xab080000,0xabbaf0e8,0xac080000)
}
Event: 1.345 GC heap before
{Heap before GC invocations=5 (full 0):
 PSYoungGen      total 36352K, used 36323K [0xddb00000, 0xe0100000, 0xf3080000)
  eden space 33792K, 99% used [0xddb00000,0xdfbfc978,0xdfc00000)
  from space 2560K, 99% used [0xdfe80000,0xe00fc5c0,0xe0100000)
  to   space 2560K, 0% used [0xdfc00000,0xdfc00000,0xdfe80000)
 ParOldGen       total 43520K, used 5083K [0xb3080000, 0xb5b00000, 0xddb00000)
  object space 43520K, 11% used [0xb3080000,0xb3576ef0,0xb5b00000)
 PSPermGen       total 16384K, used 11477K [0xab080000, 0xac080000, 0xb3080000)
  object space 16384K, 70% used [0xab080000,0xabbb5548,0xac080000)
Event: 1.348 GC heap after
Heap after GC invocations=5 (full 0):
 PSYoungGen      total 36352K, used 2551K [0xddb00000, 0xe2c00000, 0xf3080000)
  eden space 33792K, 0% used [0xddb00000,0xddb00000,0xdfc00000)
  from space 2560K, 99% used [0xdfc00000,0xdfe7ddf8,0xdfe80000)
  to   space 7680K, 0% used [0xe2480000,0xe2480000,0xe2c00000)
 ParOldGen       total 43520K, used 8652K [0xb3080000, 0xb5b00000, 0xddb00000)
  object space 43520K, 19% used [0xb3080000,0xb38f3268,0xb5b00000)
 PSPermGen       total 16384K, used 11477K [0xab080000, 0xac080000, 0xb3080000)
  object space 16384K, 70% used [0xab080000,0xabbb5548,0xac080000)
}

