# JRE version: Java(TM) SE Runtime Environment (8.0_11-b12) (build 1.8.0_11-b12)
# Java VM: Java HotSpot(TM) Client VM (25.11-b03 mixed mode, sharing windows-x86 )
Heap:
 def new generation   total 4928K, used 3276K [0x04800000, 0x04d50000, 0x09d50000)
  eden space 4416K,  71% used [0x04800000, 0x04b121e8, 0x04c50000)
  from space 512K,  25% used [0x04c50000, 0x04c70fe0, 0x04cd0000)
  to   space 512K,   0% used [0x04cd0000, 0x04cd0000, 0x04d50000)
 tenured generation   total 10944K, used 9132K [0x09d50000, 0x0a800000, 0x14800000)
   the space 10944K,  83% used [0x09d50000, 0x0a63b310, 0x0a63b400, 0x0a800000)
 Metaspace       used 4894K, capacity 5845K, committed 5888K, reserved 6528K
GC Heap History (10 events):
Event: 2.582 GC heap before
{Heap before GC invocations=19 (full 0):
 def new generation   total 4928K, used 4521K [0x04800000, 0x04d50000, 0x09d50000)
  eden space 4416K,  99% used [0x04800000, 0x04c4f9b0, 0x04c50000)
  from space 512K,  20% used [0x04cd0000, 0x04ceab78, 0x04d50000)
  to   space 512K,   0% used [0x04c50000, 0x04c50000, 0x04cd0000)
 tenured generation   total 10944K, used 9132K [0x09d50000, 0x0a800000, 0x14800000)
   the space 10944K,  83% used [0x09d50000, 0x0a63b310, 0x0a63b400, 0x0a800000)
 Metaspace       used 4827K, capacity 5845K, committed 5888K, reserved 6528K
Event: 2.583 GC heap after
Heap after GC invocations=20 (full 0):
 def new generation   total 4928K, used 179K [0x04800000, 0x04d50000, 0x09d50000)
  eden space 4416K,   0% used [0x04800000, 0x04800000, 0x04c50000)
  from space 512K,  34% used [0x04c50000, 0x04c7cca8, 0x04cd0000)
  to   space 512K,   0% used [0x04cd0000, 0x04cd0000, 0x04d50000)
 tenured generation   total 10944K, used 9132K [0x09d50000, 0x0a800000, 0x14800000)
   the space 10944K,  83% used [0x09d50000, 0x0a63b310, 0x0a63b400, 0x0a800000)
 Metaspace       used 4827K, capacity 5845K, committed 5888K, reserved 6528K
}
Event: 2.584 GC heap before
{Heap before GC invocations=20 (full 0):
 def new generation   total 4928K, used 4593K [0x04800000, 0x04d50000, 0x09d50000)
  eden space 4416K,  99% used [0x04800000, 0x04c4f7b8, 0x04c50000)
  from space 512K,  34% used [0x04c50000, 0x04c7cca8, 0x04cd0000)
  to   space 512K,   0% used [0x04cd0000, 0x04cd0000, 0x04d50000)
 tenured generation   total 10944K, used 9132K [0x09d50000, 0x0a800000, 0x14800000)
   the space 10944K,  83% used [0x09d50000, 0x0a63b310, 0x0a63b400, 0x0a800000)
 Metaspace       used 4827K, capacity 5845K, committed 5888K, reserved 6528K
Event: 2.585 GC heap after
Heap after GC invocations=21 (full 0):
 def new generation   total 4928K, used 122K [0x04800000, 0x04d50000, 0x09d50000)
  eden space 4416K,   0% used [0x04800000, 0x04800000, 0x04c50000)
  from space 512K,  23% used [0x04cd0000, 0x04ceeb78, 0x04d50000)
  to   space 512K,   0% used [0x04c50000, 0x04c50000, 0x04cd0000)
 tenured generation   total 10944K, used 9132K [0x09d50000, 0x0a800000, 0x14800000)
   the space 10944K,  83% used [0x09d50000, 0x0a63b310, 0x0a63b400, 0x0a800000)
 Metaspace       used 4827K, capacity 5845K, committed 5888K, reserved 6528K
}
Event: 2.586 GC heap before
{Heap before GC invocations=21 (full 0):
 def new generation   total 4928K, used 4538K [0x04800000, 0x04d50000, 0x09d50000)
  eden space 4416K, 100% used [0x04800000, 0x04c50000, 0x04c50000)
  from space 512K,  23% used [0x04cd0000, 0x04ceeb78, 0x04d50000)
  to   space 512K,   0% used [0x04c50000, 0x04c50000, 0x04cd0000)
 tenured generation   total 10944K, used 9132K [0x09d50000, 0x0a800000, 0x14800000)
   the space 10944K,  83% used [0x09d50000, 0x0a63b310, 0x0a63b400, 0x0a800000)
 Metaspace       used 4827K, capacity 5845K, committed 5888K, reserved 6528K
Event: 2.587 GC heap after
Heap after GC invocations=22 (full 0):
 def new generation   total 4928K, used 126K [0x04800000, 0x04d50000, 0x09d50000)
  eden space 4416K,   0% used [0x04800000, 0x04800000, 0x04c50000)
  from space 512K,  24% used [0x04c50000, 0x04c6fa58, 0x04cd0000)
  to   space 512K,   0% used [0x04cd0000, 0x04cd0000, 0x04d50000)
 tenured generation   total 10944K, used 9132K [0x09d50000, 0x0a800000, 0x14800000)
   the space 10944K,  83% used [0x09d50000, 0x0a63b310, 0x0a63b400, 0x0a800000)
 Metaspace       used 4827K, capacity 5845K, committed 5888K, reserved 6528K
}
Event: 2.587 GC heap before
{Heap before GC invocations=22 (full 0):
 def new generation   total 4928K, used 4540K [0x04800000, 0x04d50000, 0x09d50000)
  eden space 4416K,  99% used [0x04800000, 0x04c4f6e0, 0x04c50000)
  from space 512K,  24% used [0x04c50000, 0x04c6fa58, 0x04cd0000)
  to   space 512K,   0% used [0x04cd0000, 0x04cd0000, 0x04d50000)
 tenured generation   total 10944K, used 9132K [0x09d50000, 0x0a800000, 0x14800000)
   the space 10944K,  83% used [0x09d50000, 0x0a63b310, 0x0a63b400, 0x0a800000)
 Metaspace       used 4827K, capacity 5845K, committed 5888K, reserved 6528K
Event: 2.588 GC heap after
Heap after GC invocations=23 (full 0):
 def new generation   total 4928K, used 129K [0x04800000, 0x04d50000, 0x09d50000)
  eden space 4416K,   0% used [0x04800000, 0x04800000, 0x04c50000)
  from space 512K,  25% used [0x04cd0000, 0x04cf0608, 0x04d50000)
  to   space 512K,   0% used [0x04c50000, 0x04c50000, 0x04cd0000)
 tenured generation   total 10944K, used 9132K [0x09d50000, 0x0a800000, 0x14800000)
   the space 10944K,  83% used [0x09d50000, 0x0a63b310, 0x0a63b400, 0x0a800000)
 Metaspace       used 4827K, capacity 5845K, committed 5888K, reserved 6528K
}
Event: 2.589 GC heap before
{Heap before GC invocations=23 (full 0):
 def new generation   total 4928K, used 4534K [0x04800000, 0x04d50000, 0x09d50000)
  eden space 4416K,  99% used [0x04800000, 0x04c4d538, 0x04c50000)
  from space 512K,  25% used [0x04cd0000, 0x04cf0608, 0x04d50000)
  to   space 512K,   0% used [0x04c50000, 0x04c50000, 0x04cd0000)
 tenured generation   total 10944K, used 9132K [0x09d50000, 0x0a800000, 0x14800000)
   the space 10944K,  83% used [0x09d50000, 0x0a63b310, 0x0a63b400, 0x0a800000)
 Metaspace       used 4827K, capacity 5845K, committed 5888K, reserved 6528K
Event: 2.590 GC heap after
Heap after GC invocations=24 (full 0):
 def new generation   total 4928K, used 131K [0x04800000, 0x04d50000, 0x09d50000)
  eden space 4416K,   0% used [0x04800000, 0x04800000, 0x04c50000)
  from space 512K,  25% used [0x04c50000, 0x04c70fe0, 0x04cd0000)
  to   space 512K,   0% used [0x04cd0000, 0x04cd0000, 0x04d50000)
 tenured generation   total 10944K, used 9132K [0x09d50000, 0x0a800000, 0x14800000)
   the space 10944K,  83% used [0x09d50000, 0x0a63b310, 0x0a63b400, 0x0a800000)
 Metaspace       used 4827K, capacity 5845K, committed 5888K, reserved 6528K
}

