# JRE version: Java(TM) SE Runtime Environment (8.0_11-b12) (build 1.8.0_11-b12)
# Java VM: Java HotSpot(TM) Client VM (25.11-b03 mixed mode, sharing windows-x86 )
Heap:
 def new generation   total 4928K, used 2563K [0x04a00000, 0x04f50000, 0x09f50000)
  eden space 4416K,  53% used [0x04a00000, 0x04c51968, 0x04e50000)
  from space 512K,  36% used [0x04e50000, 0x04e7f478, 0x04ed0000)
  to   space 512K,   0% used [0x04ed0000, 0x04ed0000, 0x04f50000)
 tenured generation   total 10944K, used 4456K [0x09f50000, 0x0aa00000, 0x14a00000)
   the space 10944K,  40% used [0x09f50000, 0x0a3aa3c8, 0x0a3aa400, 0x0aa00000)
 Metaspace       used 4371K, capacity 5619K, committed 5760K, reserved 6528K
GC Heap History (10 events):
Event: 7.477 GC heap before
{Heap before GC invocations=5 (full 0):
 def new generation   total 4928K, used 4436K [0x04a00000, 0x04f50000, 0x09f50000)
  eden space 4416K, 100% used [0x04a00000, 0x04e50000, 0x04e50000)
  from space 512K,   4% used [0x04ed0000, 0x04ed5248, 0x04f50000)
  to   space 512K,   0% used [0x04e50000, 0x04e50000, 0x04ed0000)
 tenured generation   total 10944K, used 3388K [0x09f50000, 0x0aa00000, 0x14a00000)
   the space 10944K,  30% used [0x09f50000, 0x0a29f1d8, 0x0a29f200, 0x0aa00000)
 Metaspace       used 3788K, capacity 5195K, committed 5248K, reserved 5504K
Event: 7.480 GC heap after
Heap after GC invocations=6 (full 0):
 def new generation   total 4928K, used 512K [0x04a00000, 0x04f50000, 0x09f50000)
  eden space 4416K,   0% used [0x04a00000, 0x04a00000, 0x04e50000)
  from space 512K, 100% used [0x04e50000, 0x04ed0000, 0x04ed0000)
  to   space 512K,   0% used [0x04ed0000, 0x04ed0000, 0x04f50000)
 tenured generation   total 10944K, used 3945K [0x09f50000, 0x0aa00000, 0x14a00000)
   the space 10944K,  36% used [0x09f50000, 0x0a32a4e8, 0x0a32a600, 0x0aa00000)
 Metaspace       used 3788K, capacity 5195K, committed 5248K, reserved 5504K
}
Event: 7.499 GC heap before
{Heap before GC invocations=6 (full 0):
 def new generation   total 4928K, used 4928K [0x04a00000, 0x04f50000, 0x09f50000)
  eden space 4416K, 100% used [0x04a00000, 0x04e50000, 0x04e50000)
  from space 512K, 100% used [0x04e50000, 0x04ed0000, 0x04ed0000)
  to   space 512K,   0% used [0x04ed0000, 0x04ed0000, 0x04f50000)
 tenured generation   total 10944K, used 3945K [0x09f50000, 0x0aa00000, 0x14a00000)
   the space 10944K,  36% used [0x09f50000, 0x0a32a4e8, 0x0a32a600, 0x0aa00000)
 Metaspace       used 3788K, capacity 5195K, committed 5248K, reserved 5504K
Event: 7.501 GC heap after
Heap after GC invocations=7 (full 0):
 def new generation   total 4928K, used 0K [0x04a00000, 0x04f50000, 0x09f50000)
  eden space 4416K,   0% used [0x04a00000, 0x04a00000, 0x04e50000)
  from space 512K,   0% used [0x04ed0000, 0x04ed00e8, 0x04f50000)
  to   space 512K,   0% used [0x04e50000, 0x04e50000, 0x04ed0000)
 tenured generation   total 10944K, used 4456K [0x09f50000, 0x0aa00000, 0x14a00000)
   the space 10944K,  40% used [0x09f50000, 0x0a3aa3c8, 0x0a3aa400, 0x0aa00000)
 Metaspace       used 3788K, capacity 5195K, committed 5248K, reserved 5504K
}
Event: 7.534 GC heap before
{Heap before GC invocations=7 (full 0):
 def new generation   total 4928K, used 4416K [0x04a00000, 0x04f50000, 0x09f50000)
  eden space 4416K, 100% used [0x04a00000, 0x04e50000, 0x04e50000)
  from space 512K,   0% used [0x04ed0000, 0x04ed00e8, 0x04f50000)
  to   space 512K,   0% used [0x04e50000, 0x04e50000, 0x04ed0000)
 tenured generation   total 10944K, used 4456K [0x09f50000, 0x0aa00000, 0x14a00000)
   the space 10944K,  40% used [0x09f50000, 0x0a3aa3c8, 0x0a3aa400, 0x0aa00000)
 Metaspace       used 3788K, capacity 5195K, committed 5248K, reserved 5504K
Event: 7.535 GC heap after
Heap after GC invocations=8 (full 0):
 def new generation   total 4928K, used 165K [0x04a00000, 0x04f50000, 0x09f50000)
  eden space 4416K,   0% used [0x04a00000, 0x04a00000, 0x04e50000)
  from space 512K,  32% used [0x04e50000, 0x04e796e0, 0x04ed0000)
  to   space 512K,   0% used [0x04ed0000, 0x04ed0000, 0x04f50000)
 tenured generation   total 10944K, used 4456K [0x09f50000, 0x0aa00000, 0x14a00000)
   the space 10944K,  40% used [0x09f50000, 0x0a3aa3c8, 0x0a3aa400, 0x0aa00000)
 Metaspace       used 3788K, capacity 5195K, committed 5248K, reserved 5504K
}
Event: 7.553 GC heap before
{Heap before GC invocations=8 (full 0):
 def new generation   total 4928K, used 4581K [0x04a00000, 0x04f50000, 0x09f50000)
  eden space 4416K, 100% used [0x04a00000, 0x04e50000, 0x04e50000)
  from space 512K,  32% used [0x04e50000, 0x04e796e0, 0x04ed0000)
  to   space 512K,   0% used [0x04ed0000, 0x04ed0000, 0x04f50000)
 tenured generation   total 10944K, used 4456K [0x09f50000, 0x0aa00000, 0x14a00000)
   the space 10944K,  40% used [0x09f50000, 0x0a3aa3c8, 0x0a3aa400, 0x0aa00000)
 Metaspace       used 3788K, capacity 5195K, committed 5248K, reserved 5504K
Event: 7.553 GC heap after
Heap after GC invocations=9 (full 0):
 def new generation   total 4928K, used 165K [0x04a00000, 0x04f50000, 0x09f50000)
  eden space 4416K,   0% used [0x04a00000, 0x04a00000, 0x04e50000)
  from space 512K,  32% used [0x04ed0000, 0x04ef9410, 0x04f50000)
  to   space 512K,   0% used [0x04e50000, 0x04e50000, 0x04ed0000)
 tenured generation   total 10944K, used 4456K [0x09f50000, 0x0aa00000, 0x14a00000)
   the space 10944K,  40% used [0x09f50000, 0x0a3aa3c8, 0x0a3aa400, 0x0aa00000)
 Metaspace       used 3788K, capacity 5195K, committed 5248K, reserved 5504K
}
Event: 7.585 GC heap before
{Heap before GC invocations=9 (full 0):
 def new generation   total 4928K, used 4581K [0x04a00000, 0x04f50000, 0x09f50000)
  eden space 4416K, 100% used [0x04a00000, 0x04e50000, 0x04e50000)
  from space 512K,  32% used [0x04ed0000, 0x04ef9410, 0x04f50000)
  to   space 512K,   0% used [0x04e50000, 0x04e50000, 0x04ed0000)
 tenured generation   total 10944K, used 4456K [0x09f50000, 0x0aa00000, 0x14a00000)
   the space 10944K,  40% used [0x09f50000, 0x0a3aa3c8, 0x0a3aa400, 0x0aa00000)
 Metaspace       used 3848K, capacity 5259K, committed 5376K, reserved 5504K
Event: 7.586 GC heap after
Heap after GC invocations=10 (full 0):
 def new generation   total 4928K, used 189K [0x04a00000, 0x04f50000, 0x09f50000)
  eden space 4416K,   0% used [0x04a00000, 0x04a00000, 0x04e50000)
  from space 512K,  36% used [0x04e50000, 0x04e7f478, 0x04ed0000)
  to   space 512K,   0% used [0x04ed0000, 0x04ed0000, 0x04f50000)
 tenured generation   total 10944K, used 4456K [0x09f50000, 0x0aa00000, 0x14a00000)
   the space 10944K,  40% used [0x09f50000, 0x0a3aa3c8, 0x0a3aa400, 0x0aa00000)
 Metaspace       used 3848K, capacity 5259K, committed 5376K, reserved 5504K
}

