# JRE version: OpenJDK Runtime Environment (7.0_79-b14) (build 1.7.0_79-b14)
# Java VM: OpenJDK Server VM (24.79-b02 mixed mode linux-x86 )
Heap
 PSYoungGen      total 36352K, used 25826K [0xddbc0000, 0xe2a40000, 0xf3140000)
  eden space 33792K, 69% used [0xddbc0000,0xdf2c6ec8,0xdfcc0000)
  from space 2560K, 87% used [0xdfcc0000,0xdfef1b88,0xdff40000)
  to   space 6400K, 0% used [0xe2400000,0xe2400000,0xe2a40000)
 ParOldGen       total 43520K, used 6519K [0xb3140000, 0xb5bc0000, 0xddbc0000)
  object space 43520K, 14% used [0xb3140000,0xb379dc10,0xb5bc0000)
 PSPermGen       total 16384K, used 11565K [0xab140000, 0xac140000, 0xb3140000)
  object space 16384K, 70% used [0xab140000,0xabc8b548,0xac140000)
GC Heap History (10 events):
Event: 0.765 GC heap before
{Heap before GC invocations=1 (full 0):
 PSYoungGen      total 19456K, used 16896K [0xddbc0000, 0xdf140000, 0xf3140000)
  eden space 16896K, 100% used [0xddbc0000,0xdec40000,0xdec40000)
  from space 2560K, 0% used [0xdeec0000,0xdeec0000,0xdf140000)
  to   space 2560K, 0% used [0xdec40000,0xdec40000,0xdeec0000)
 ParOldGen       total 43520K, used 0K [0xb3140000, 0xb5bc0000, 0xddbc0000)
  object space 43520K, 0% used [0xb3140000,0xb3140000,0xb5bc0000)
 PSPermGen       total 16384K, used 9297K [0xab140000, 0xac140000, 0xb3140000)
  object space 16384K, 56% used [0xab140000,0xaba54798,0xac140000)
Event: 0.769 GC heap after
Heap after GC invocations=1 (full 0):
 PSYoungGen      total 19456K, used 2548K [0xddbc0000, 0xdf140000, 0xf3140000)
  eden space 16896K, 0% used [0xddbc0000,0xddbc0000,0xdec40000)
  from space 2560K, 99% used [0xdec40000,0xdeebd368,0xdeec0000)
  to   space 2560K, 0% used [0xdeec0000,0xdeec0000,0xdf140000)
 ParOldGen       total 43520K, used 1589K [0xb3140000, 0xb5bc0000, 0xddbc0000)
  object space 43520K, 3% used [0xb3140000,0xb32cd6a0,0xb5bc0000)
 PSPermGen       total 16384K, used 9297K [0xab140000, 0xac140000, 0xb3140000)
  object space 16384K, 56% used [0xab140000,0xaba54798,0xac140000)
}
Event: 1.162 GC heap before
{Heap before GC invocations=2 (full 0):
 PSYoungGen      total 19456K, used 19444K [0xddbc0000, 0xdf140000, 0xf3140000)
  eden space 16896K, 100% used [0xddbc0000,0xdec40000,0xdec40000)
  from space 2560K, 99% used [0xdec40000,0xdeebd368,0xdeec0000)
  to   space 2560K, 0% used [0xdeec0000,0xdeec0000,0xdf140000)
 ParOldGen       total 43520K, used 1589K [0xb3140000, 0xb5bc0000, 0xddbc0000)
  object space 43520K, 3% used [0xb3140000,0xb32cd6a0,0xb5bc0000)
 PSPermGen       total 16384K, used 11288K [0xab140000, 0xac140000, 0xb3140000)
  object space 16384K, 68% used [0xab140000,0xabc461e8,0xac140000)
Event: 1.166 GC heap after
Heap after GC invocations=2 (full 0):
 PSYoungGen      total 19456K, used 2557K [0xddbc0000, 0xdf140000, 0xf3140000)
  eden space 16896K, 0% used [0xddbc0000,0xddbc0000,0xdec40000)
  from space 2560K, 99% used [0xdeec0000,0xdf13f540,0xdf140000)
  to   space 2560K, 0% used [0xdec40000,0xdec40000,0xdeec0000)
 ParOldGen       total 43520K, used 4760K [0xb3140000, 0xb5bc0000, 0xddbc0000)
  object space 43520K, 10% used [0xb3140000,0xb35e6010,0xb5bc0000)
 PSPermGen       total 16384K, used 11288K [0xab140000, 0xac140000, 0xb3140000)
  object space 16384K, 68% used [0xab140000,0xabc461e8,0xac140000)
}
Event: 1.214 GC heap before
{Heap before GC invocations=3 (full 0):
 PSYoungGen      total 19456K, used 19442K [0xddbc0000, 0xdf140000, 0xf3140000)
  eden space 16896K, 99% used [0xddbc0000,0xdec3d328,0xdec40000)
  from space 2560K, 99% used [0xdeec0000,0xdf13f540,0xdf140000)
  to   space 2560K, 0% used [0xdec40000,0xdec40000,0xdeec0000)
 ParOldGen       total 43520K, used 4760K [0xb3140000, 0xb5bc0000, 0xddbc0000)
  object space 43520K, 10% used [0xb3140000,0xb35e6010,0xb5bc0000)
 PSPermGen       total 16384K, used 11399K [0xab140000, 0xac140000, 0xb3140000)
  object space 16384K, 69% used [0xab140000,0xabc61f30,0xac140000)
Event: 1.217 GC heap after
Heap after GC invocations=3 (full 0):
 PSYoungGen      total 19456K, used 2239K [0xddbc0000, 0xe01c0000, 0xf3140000)
  eden space 16896K, 0% used [0xddbc0000,0xddbc0000,0xdec40000)
  from space 2560K, 87% used [0xdec40000,0xdee6fd08,0xdeec0000)
  to   space 2560K, 0% used [0xdff40000,0xdff40000,0xe01c0000)
 ParOldGen       total 43520K, used 4760K [0xb3140000, 0xb5bc0000, 0xddbc0000)
  object space 43520K, 10% used [0xb3140000,0xb35e6010,0xb5bc0000)
 PSPermGen       total 16384K, used 11399K [0xab140000, 0xac140000, 0xb3140000)
  object space 16384K, 69% used [0xab140000,0xabc61f30,0xac140000)
}
Event: 1.266 GC heap before
{Heap before GC invocations=4 (full 0):
 PSYoungGen      total 19456K, used 19129K [0xddbc0000, 0xe01c0000, 0xf3140000)
  eden space 16896K, 99% used [0xddbc0000,0xdec3e8c8,0xdec40000)
  from space 2560K, 87% used [0xdec40000,0xdee6fd08,0xdeec0000)
  to   space 2560K, 0% used [0xdff40000,0xdff40000,0xe01c0000)
 ParOldGen       total 43520K, used 4760K [0xb3140000, 0xb5bc0000, 0xddbc0000)
  object space 43520K, 10% used [0xb3140000,0xb35e6010,0xb5bc0000)
 PSPermGen       total 16384K, used 11422K [0xab140000, 0xac140000, 0xb3140000)
  object space 16384K, 69% used [0xab140000,0xabc67a20,0xac140000)
Event: 1.268 GC heap after
Heap after GC invocations=4 (full 0):
 PSYoungGen      total 36352K, used 2221K [0xddbc0000, 0xe01c0000, 0xf3140000)
  eden space 33792K, 0% used [0xddbc0000,0xddbc0000,0xdfcc0000)
  from space 2560K, 86% used [0xdff40000,0xe016b4a0,0xe01c0000)
  to   space 2560K, 0% used [0xdfcc0000,0xdfcc0000,0xdff40000)
 ParOldGen       total 43520K, used 4760K [0xb3140000, 0xb5bc0000, 0xddbc0000)
  object space 43520K, 10% used [0xb3140000,0xb35e6010,0xb5bc0000)
 PSPermGen       total 16384K, used 11422K [0xab140000, 0xac140000, 0xb3140000)
  object space 16384K, 69% used [0xab140000,0xabc67a20,0xac140000)
}
Event: 1.312 GC heap before
{Heap before GC invocations=5 (full 0):
 PSYoungGen      total 36352K, used 36011K [0xddbc0000, 0xe01c0000, 0xf3140000)
  eden space 33792K, 99% used [0xddbc0000,0xdfcbf930,0xdfcc0000)
  from space 2560K, 86% used [0xdff40000,0xe016b4a0,0xe01c0000)
  to   space 2560K, 0% used [0xdfcc0000,0xdfcc0000,0xdff40000)
 ParOldGen       total 43520K, used 4760K [0xb3140000, 0xb5bc0000, 0xddbc0000)
  object space 43520K, 10% used [0xb3140000,0xb35e6010,0xb5bc0000)
 PSPermGen       total 16384K, used 11447K [0xab140000, 0xac140000, 0xb3140000)
  object space 16384K, 69% used [0xab140000,0xabc6ddc8,0xac140000)
Event: 1.315 GC heap after
Heap after GC invocations=5 (full 0):
 PSYoungGen      total 36352K, used 2246K [0xddbc0000, 0xe2a40000, 0xf3140000)
  eden space 33792K, 0% used [0xddbc0000,0xddbc0000,0xdfcc0000)
  from space 2560K, 87% used [0xdfcc0000,0xdfef1b88,0xdff40000)
  to   space 6400K, 0% used [0xe2400000,0xe2400000,0xe2a40000)
 ParOldGen       total 43520K, used 6519K [0xb3140000, 0xb5bc0000, 0xddbc0000)
  object space 43520K, 14% used [0xb3140000,0xb379dc10,0xb5bc0000)
 PSPermGen       total 16384K, used 11447K [0xab140000, 0xac140000, 0xb3140000)
  object space 16384K, 69% used [0xab140000,0xabc6ddc8,0xac140000)
}

