# JRE version: Java(TM) SE Runtime Environment (8.0_11-b12) (build 1.8.0_11-b12)
# Java VM: Java HotSpot(TM) Client VM (25.11-b03 mixed mode, sharing windows-x86 )
Heap:
 def new generation   total 4928K, used 2081K [0x04800000, 0x04d50000, 0x09d50000)
  eden space 4416K,  35% used [0x04800000, 0x04988580, 0x04c50000)
  from space 512K, 100% used [0x04c50000, 0x04cd0000, 0x04cd0000)
  to   space 512K,   0% used [0x04cd0000, 0x04cd0000, 0x04d50000)
 tenured generation   total 10944K, used 5186K [0x09d50000, 0x0a800000, 0x14800000)
   the space 10944K,  47% used [0x09d50000, 0x0a260ae0, 0x0a260c00, 0x0a800000)
 Metaspace       used 4689K, capacity 5717K, committed 5760K, reserved 6528K
GC Heap History (10 events):
Event: 5.681 GC heap before
{Heap before GC invocations=7 (full 0):
 def new generation   total 4928K, used 4416K [0x04800000, 0x04d50000, 0x09d50000)
  eden space 4416K, 100% used [0x04800000, 0x04c50000, 0x04c50000)
  from space 512K,   0% used [0x04cd0000, 0x04cd00e8, 0x04d50000)
  to   space 512K,   0% used [0x04c50000, 0x04c50000, 0x04cd0000)
 tenured generation   total 10944K, used 4443K [0x09d50000, 0x0a800000, 0x14800000)
   the space 10944K,  40% used [0x09d50000, 0x0a1a6d08, 0x0a1a6e00, 0x0a800000)
 Metaspace       used 3800K, capacity 5197K, committed 5248K, reserved 5504K
Event: 5.684 GC heap after
Heap after GC invocations=8 (full 0):
 def new generation   total 4928K, used 165K [0x04800000, 0x04d50000, 0x09d50000)
  eden space 4416K,   0% used [0x04800000, 0x04800000, 0x04c50000)
  from space 512K,  32% used [0x04c50000, 0x04c79698, 0x04cd0000)
  to   space 512K,   0% used [0x04cd0000, 0x04cd0000, 0x04d50000)
 tenured generation   total 10944K, used 4443K [0x09d50000, 0x0a800000, 0x14800000)
   the space 10944K,  40% used [0x09d50000, 0x0a1a6d08, 0x0a1a6e00, 0x0a800000)
 Metaspace       used 3800K, capacity 5197K, committed 5248K, reserved 5504K
}
Event: 5.749 GC heap before
{Heap before GC invocations=8 (full 0):
 def new generation   total 4928K, used 4581K [0x04800000, 0x04d50000, 0x09d50000)
  eden space 4416K, 100% used [0x04800000, 0x04c50000, 0x04c50000)
  from space 512K,  32% used [0x04c50000, 0x04c79698, 0x04cd0000)
  to   space 512K,   0% used [0x04cd0000, 0x04cd0000, 0x04d50000)
 tenured generation   total 10944K, used 4443K [0x09d50000, 0x0a800000, 0x14800000)
   the space 10944K,  40% used [0x09d50000, 0x0a1a6d08, 0x0a1a6e00, 0x0a800000)
 Metaspace       used 3800K, capacity 5197K, committed 5248K, reserved 5504K
Event: 5.751 GC heap after
Heap after GC invocations=9 (full 0):
 def new generation   total 4928K, used 165K [0x04800000, 0x04d50000, 0x09d50000)
  eden space 4416K,   0% used [0x04800000, 0x04800000, 0x04c50000)
  from space 512K,  32% used [0x04cd0000, 0x04cf9440, 0x04d50000)
  to   space 512K,   0% used [0x04c50000, 0x04c50000, 0x04cd0000)
 tenured generation   total 10944K, used 4443K [0x09d50000, 0x0a800000, 0x14800000)
   the space 10944K,  40% used [0x09d50000, 0x0a1a6d08, 0x0a1a6e00, 0x0a800000)
 Metaspace       used 3800K, capacity 5197K, committed 5248K, reserved 5504K
}
Event: 5.884 GC heap before
{Heap before GC invocations=9 (full 0):
 def new generation   total 4928K, used 4581K [0x04800000, 0x04d50000, 0x09d50000)
  eden space 4416K, 100% used [0x04800000, 0x04c50000, 0x04c50000)
  from space 512K,  32% used [0x04cd0000, 0x04cf9440, 0x04d50000)
  to   space 512K,   0% used [0x04c50000, 0x04c50000, 0x04cd0000)
 tenured generation   total 10944K, used 4443K [0x09d50000, 0x0a800000, 0x14800000)
   the space 10944K,  40% used [0x09d50000, 0x0a1a6d08, 0x0a1a6e00, 0x0a800000)
 Metaspace       used 3842K, capacity 5261K, committed 5376K, reserved 5504K
Event: 5.887 GC heap after
Heap after GC invocations=10 (full 0):
 def new generation   total 4928K, used 150K [0x04800000, 0x04d50000, 0x09d50000)
  eden space 4416K,   0% used [0x04800000, 0x04800000, 0x04c50000)
  from space 512K,  29% used [0x04c50000, 0x04c758f8, 0x04cd0000)
  to   space 512K,   0% used [0x04cd0000, 0x04cd0000, 0x04d50000)
 tenured generation   total 10944K, used 4443K [0x09d50000, 0x0a800000, 0x14800000)
   the space 10944K,  40% used [0x09d50000, 0x0a1a6d08, 0x0a1a6e00, 0x0a800000)
 Metaspace       used 3842K, capacity 5261K, committed 5376K, reserved 5504K
}
Event: 6.605 GC heap before
{Heap before GC invocations=10 (full 0):
 def new generation   total 4928K, used 4566K [0x04800000, 0x04d50000, 0x09d50000)
  eden space 4416K, 100% used [0x04800000, 0x04c50000, 0x04c50000)
  from space 512K,  29% used [0x04c50000, 0x04c758f8, 0x04cd0000)
  to   space 512K,   0% used [0x04cd0000, 0x04cd0000, 0x04d50000)
 tenured generation   total 10944K, used 4443K [0x09d50000, 0x0a800000, 0x14800000)
   the space 10944K,  40% used [0x09d50000, 0x0a1a6d08, 0x0a1a6e00, 0x0a800000)
 Metaspace       used 4465K, capacity 5717K, committed 5760K, reserved 6528K
Event: 6.616 GC heap after
Heap after GC invocations=11 (full 0):
 def new generation   total 4928K, used 512K [0x04800000, 0x04d50000, 0x09d50000)
  eden space 4416K,   0% used [0x04800000, 0x04800000, 0x04c50000)
  from space 512K, 100% used [0x04cd0000, 0x04d50000, 0x04d50000)
  to   space 512K,   0% used [0x04c50000, 0x04c50000, 0x04cd0000)
 tenured generation   total 10944K, used 4799K [0x09d50000, 0x0a800000, 0x14800000)
   the space 10944K,  43% used [0x09d50000, 0x0a1fff30, 0x0a200000, 0x0a800000)
 Metaspace       used 4465K, capacity 5717K, committed 5760K, reserved 6528K
}
Event: 6.862 GC heap before
{Heap before GC invocations=11 (full 0):
 def new generation   total 4928K, used 4928K [0x04800000, 0x04d50000, 0x09d50000)
  eden space 4416K, 100% used [0x04800000, 0x04c50000, 0x04c50000)
  from space 512K, 100% used [0x04cd0000, 0x04d50000, 0x04d50000)
  to   space 512K,   0% used [0x04c50000, 0x04c50000, 0x04cd0000)
 tenured generation   total 10944K, used 4799K [0x09d50000, 0x0a800000, 0x14800000)
   the space 10944K,  43% used [0x09d50000, 0x0a1fff30, 0x0a200000, 0x0a800000)
 Metaspace       used 4678K, capacity 5717K, committed 5760K, reserved 6528K
Event: 6.870 GC heap after
Heap after GC invocations=12 (full 0):
 def new generation   total 4928K, used 512K [0x04800000, 0x04d50000, 0x09d50000)
  eden space 4416K,   0% used [0x04800000, 0x04800000, 0x04c50000)
  from space 512K, 100% used [0x04c50000, 0x04cd0000, 0x04cd0000)
  to   space 512K,   0% used [0x04cd0000, 0x04cd0000, 0x04d50000)
 tenured generation   total 10944K, used 5186K [0x09d50000, 0x0a800000, 0x14800000)
   the space 10944K,  47% used [0x09d50000, 0x0a260ae0, 0x0a260c00, 0x0a800000)
 Metaspace       used 4678K, capacity 5717K, committed 5760K, reserved 6528K
}

