# JRE version: Java(TM) SE Runtime Environment (8.0_11-b12) (build 1.8.0_11-b12)
# Java VM: Java HotSpot(TM) Client VM (25.11-b03 mixed mode, sharing windows-x86 )
Heap:
 def new generation   total 4928K, used 2004K [0x04c00000, 0x05150000, 0x0a150000)
  eden space 4416K,  33% used [0x04c00000, 0x04d750c8, 0x05050000)
  from space 512K, 100% used [0x05050000, 0x050d0000, 0x050d0000)
  to   space 512K,   0% used [0x050d0000, 0x050d0000, 0x05150000)
 tenured generation   total 10944K, used 5165K [0x0a150000, 0x0ac00000, 0x14c00000)
   the space 10944K,  47% used [0x0a150000, 0x0a65b6d8, 0x0a65b800, 0x0ac00000)
 Metaspace       used 4689K, capacity 5717K, committed 5760K, reserved 6528K
GC Heap History (10 events):
Event: 6.796 GC heap before
{Heap before GC invocations=7 (full 0):
 def new generation   total 4928K, used 4416K [0x04c00000, 0x05150000, 0x0a150000)
  eden space 4416K, 100% used [0x04c00000, 0x05050000, 0x05050000)
  from space 512K,   0% used [0x050d0000, 0x050d00e8, 0x05150000)
  to   space 512K,   0% used [0x05050000, 0x05050000, 0x050d0000)
 tenured generation   total 10944K, used 4428K [0x0a150000, 0x0ac00000, 0x14c00000)
   the space 10944K,  40% used [0x0a150000, 0x0a5a31a0, 0x0a5a3200, 0x0ac00000)
 Metaspace       used 3800K, capacity 5197K, committed 5248K, reserved 5504K
Event: 6.798 GC heap after
Heap after GC invocations=8 (full 0):
 def new generation   total 4928K, used 165K [0x04c00000, 0x05150000, 0x0a150000)
  eden space 4416K,   0% used [0x04c00000, 0x04c00000, 0x05050000)
  from space 512K,  32% used [0x05050000, 0x05079688, 0x050d0000)
  to   space 512K,   0% used [0x050d0000, 0x050d0000, 0x05150000)
 tenured generation   total 10944K, used 4428K [0x0a150000, 0x0ac00000, 0x14c00000)
   the space 10944K,  40% used [0x0a150000, 0x0a5a31a0, 0x0a5a3200, 0x0ac00000)
 Metaspace       used 3800K, capacity 5197K, committed 5248K, reserved 5504K
}
Event: 6.951 GC heap before
{Heap before GC invocations=8 (full 0):
 def new generation   total 4928K, used 4581K [0x04c00000, 0x05150000, 0x0a150000)
  eden space 4416K, 100% used [0x04c00000, 0x05050000, 0x05050000)
  from space 512K,  32% used [0x05050000, 0x05079688, 0x050d0000)
  to   space 512K,   0% used [0x050d0000, 0x050d0000, 0x05150000)
 tenured generation   total 10944K, used 4428K [0x0a150000, 0x0ac00000, 0x14c00000)
   the space 10944K,  40% used [0x0a150000, 0x0a5a31a0, 0x0a5a3200, 0x0ac00000)
 Metaspace       used 3800K, capacity 5197K, committed 5248K, reserved 5504K
Event: 6.953 GC heap after
Heap after GC invocations=9 (full 0):
 def new generation   total 4928K, used 165K [0x04c00000, 0x05150000, 0x0a150000)
  eden space 4416K,   0% used [0x04c00000, 0x04c00000, 0x05050000)
  from space 512K,  32% used [0x050d0000, 0x050f9430, 0x05150000)
  to   space 512K,   0% used [0x05050000, 0x05050000, 0x050d0000)
 tenured generation   total 10944K, used 4428K [0x0a150000, 0x0ac00000, 0x14c00000)
   the space 10944K,  40% used [0x0a150000, 0x0a5a31a0, 0x0a5a3200, 0x0ac00000)
 Metaspace       used 3800K, capacity 5197K, committed 5248K, reserved 5504K
}
Event: 7.278 GC heap before
{Heap before GC invocations=9 (full 0):
 def new generation   total 4928K, used 4581K [0x04c00000, 0x05150000, 0x0a150000)
  eden space 4416K, 100% used [0x04c00000, 0x05050000, 0x05050000)
  from space 512K,  32% used [0x050d0000, 0x050f9430, 0x05150000)
  to   space 512K,   0% used [0x05050000, 0x05050000, 0x050d0000)
 tenured generation   total 10944K, used 4428K [0x0a150000, 0x0ac00000, 0x14c00000)
   the space 10944K,  40% used [0x0a150000, 0x0a5a31a0, 0x0a5a3200, 0x0ac00000)
 Metaspace       used 3844K, capacity 5261K, committed 5376K, reserved 5504K
Event: 7.281 GC heap after
Heap after GC invocations=10 (full 0):
 def new generation   total 4928K, used 152K [0x04c00000, 0x05150000, 0x0a150000)
  eden space 4416K,   0% used [0x04c00000, 0x04c00000, 0x05050000)
  from space 512K,  29% used [0x05050000, 0x05076388, 0x050d0000)
  to   space 512K,   0% used [0x050d0000, 0x050d0000, 0x05150000)
 tenured generation   total 10944K, used 4428K [0x0a150000, 0x0ac00000, 0x14c00000)
   the space 10944K,  40% used [0x0a150000, 0x0a5a31a0, 0x0a5a3200, 0x0ac00000)
 Metaspace       used 3844K, capacity 5261K, committed 5376K, reserved 5504K
}
Event: 8.102 GC heap before
{Heap before GC invocations=10 (full 0):
 def new generation   total 4928K, used 4568K [0x04c00000, 0x05150000, 0x0a150000)
  eden space 4416K, 100% used [0x04c00000, 0x05050000, 0x05050000)
  from space 512K,  29% used [0x05050000, 0x05076388, 0x050d0000)
  to   space 512K,   0% used [0x050d0000, 0x050d0000, 0x05150000)
 tenured generation   total 10944K, used 4428K [0x0a150000, 0x0ac00000, 0x14c00000)
   the space 10944K,  40% used [0x0a150000, 0x0a5a31a0, 0x0a5a3200, 0x0ac00000)
 Metaspace       used 4465K, capacity 5717K, committed 5760K, reserved 6528K
Event: 8.114 GC heap after
Heap after GC invocations=11 (full 0):
 def new generation   total 4928K, used 512K [0x04c00000, 0x05150000, 0x0a150000)
  eden space 4416K,   0% used [0x04c00000, 0x04c00000, 0x05050000)
  from space 512K, 100% used [0x050d0000, 0x05150000, 0x05150000)
  to   space 512K,   0% used [0x05050000, 0x05050000, 0x050d0000)
 tenured generation   total 10944K, used 4781K [0x0a150000, 0x0ac00000, 0x14c00000)
   the space 10944K,  43% used [0x0a150000, 0x0a5fb4a0, 0x0a5fb600, 0x0ac00000)
 Metaspace       used 4465K, capacity 5717K, committed 5760K, reserved 6528K
}
Event: 8.310 GC heap before
{Heap before GC invocations=11 (full 0):
 def new generation   total 4928K, used 4927K [0x04c00000, 0x05150000, 0x0a150000)
  eden space 4416K,  99% used [0x04c00000, 0x0504fe98, 0x05050000)
  from space 512K, 100% used [0x050d0000, 0x05150000, 0x05150000)
  to   space 512K,   0% used [0x05050000, 0x05050000, 0x050d0000)
 tenured generation   total 10944K, used 4781K [0x0a150000, 0x0ac00000, 0x14c00000)
   the space 10944K,  43% used [0x0a150000, 0x0a5fb4a0, 0x0a5fb600, 0x0ac00000)
 Metaspace       used 4678K, capacity 5717K, committed 5760K, reserved 6528K
Event: 8.319 GC heap after
Heap after GC invocations=12 (full 0):
 def new generation   total 4928K, used 512K [0x04c00000, 0x05150000, 0x0a150000)
  eden space 4416K,   0% used [0x04c00000, 0x04c00000, 0x05050000)
  from space 512K, 100% used [0x05050000, 0x050d0000, 0x050d0000)
  to   space 512K,   0% used [0x050d0000, 0x050d0000, 0x05150000)
 tenured generation   total 10944K, used 5165K [0x0a150000, 0x0ac00000, 0x14c00000)
   the space 10944K,  47% used [0x0a150000, 0x0a65b6d8, 0x0a65b800, 0x0ac00000)
 Metaspace       used 4678K, capacity 5717K, committed 5760K, reserved 6528K
}

