# JRE version: OpenJDK Runtime Environment (7.0_79-b14) (build 1.7.0_79-b14)
# Java VM: OpenJDK Server VM (24.79-b02 mixed mode linux-x86 )
Heap
 PSYoungGen      total 19456K, used 5271K [0x9db40000, 0x9f0c0000, 0xb30c0000)
  eden space 16896K, 16% used [0x9db40000,0x9dde5d18,0x9ebc0000)
  from space 2560K, 99% used [0x9ee40000,0x9f0bff28,0x9f0c0000)
  to   space 2560K, 0% used [0x9ebc0000,0x9ebc0000,0x9ee40000)
 ParOldGen       total 43520K, used 4745K [0x730c0000, 0x75b40000, 0x9db40000)
  object space 43520K, 10% used [0x730c0000,0x735625b0,0x75b40000)
 PSPermGen       total 16384K, used 11304K [0x6b0c0000, 0x6c0c0000, 0x730c0000)
  object space 16384K, 68% used [0x6b0c0000,0x6bbca0b8,0x6c0c0000)
GC Heap History (4 events):
Event: 3.391 GC heap before
{Heap before GC invocations=1 (full 0):
 PSYoungGen      total 19456K, used 16896K [0x9db40000, 0x9f0c0000, 0xb30c0000)
  eden space 16896K, 100% used [0x9db40000,0x9ebc0000,0x9ebc0000)
  from space 2560K, 0% used [0x9ee40000,0x9ee40000,0x9f0c0000)
  to   space 2560K, 0% used [0x9ebc0000,0x9ebc0000,0x9ee40000)
 ParOldGen       total 43520K, used 0K [0x730c0000, 0x75b40000, 0x9db40000)
  object space 43520K, 0% used [0x730c0000,0x730c0000,0x75b40000)
 PSPermGen       total 16384K, used 9271K [0x6b0c0000, 0x6c0c0000, 0x730c0000)
  object space 16384K, 56% used [0x6b0c0000,0x6b9cde10,0x6c0c0000)
Event: 3.395 GC heap after
Heap after GC invocations=1 (full 0):
 PSYoungGen      total 19456K, used 2548K [0x9db40000, 0x9f0c0000, 0xb30c0000)
  eden space 16896K, 0% used [0x9db40000,0x9db40000,0x9ebc0000)
  from space 2560K, 99% used [0x9ebc0000,0x9ee3d1d0,0x9ee40000)
  to   space 2560K, 0% used [0x9ee40000,0x9ee40000,0x9f0c0000)
 ParOldGen       total 43520K, used 1591K [0x730c0000, 0x75b40000, 0x9db40000)
  object space 43520K, 3% used [0x730c0000,0x7324dea0,0x75b40000)
 PSPermGen       total 16384K, used 9271K [0x6b0c0000, 0x6c0c0000, 0x730c0000)
  object space 16384K, 56% used [0x6b0c0000,0x6b9cde10,0x6c0c0000)
}
Event: 16.902 GC heap before
{Heap before GC invocations=2 (full 0):
 PSYoungGen      total 19456K, used 19444K [0x9db40000, 0x9f0c0000, 0xb30c0000)
  eden space 16896K, 100% used [0x9db40000,0x9ebc0000,0x9ebc0000)
  from space 2560K, 99% used [0x9ebc0000,0x9ee3d1d0,0x9ee40000)
  to   space 2560K, 0% used [0x9ee40000,0x9ee40000,0x9f0c0000)
 ParOldGen       total 43520K, used 1591K [0x730c0000, 0x75b40000, 0x9db40000)
  object space 43520K, 3% used [0x730c0000,0x7324dea0,0x75b40000)
 PSPermGen       total 16384K, used 11304K [0x6b0c0000, 0x6c0c0000, 0x730c0000)
  object space 16384K, 68% used [0x6b0c0000,0x6bbca0b8,0x6c0c0000)
Event: 16.905 GC heap after
Heap after GC invocations=2 (full 0):
 PSYoungGen      total 19456K, used 2559K [0x9db40000, 0x9f0c0000, 0xb30c0000)
  eden space 16896K, 0% used [0x9db40000,0x9db40000,0x9ebc0000)
  from space 2560K, 99% used [0x9ee40000,0x9f0bff28,0x9f0c0000)
  to   space 2560K, 0% used [0x9ebc0000,0x9ebc0000,0x9ee40000)
 ParOldGen       total 43520K, used 4745K [0x730c0000, 0x75b40000, 0x9db40000)
  object space 43520K, 10% used [0x730c0000,0x735625b0,0x75b40000)
 PSPermGen       total 16384K, used 11304K [0x6b0c0000, 0x6c0c0000, 0x730c0000)
  object space 16384K, 68% used [0x6b0c0000,0x6bbca0b8,0x6c0c0000)
}

