# JRE version: Java(TM) SE Runtime Environment (8.0_11-b12) (build 1.8.0_11-b12)
# Java VM: Java HotSpot(TM) Client VM (25.11-b03 mixed mode, sharing windows-x86 )
Heap:
 def new generation   total 4928K, used 2568K [0x04c00000, 0x05150000, 0x0a150000)
  eden space 4416K,  53% used [0x04c00000, 0x04e52bf8, 0x05050000)
  from space 512K,  37% used [0x05050000, 0x0507f778, 0x050d0000)
  to   space 512K,   0% used [0x050d0000, 0x050d0000, 0x05150000)
 tenured generation   total 10944K, used 4439K [0x0a150000, 0x0ac00000, 0x14c00000)
   the space 10944K,  40% used [0x0a150000, 0x0a5a5cb8, 0x0a5a5e00, 0x0ac00000)
 Metaspace       used 4370K, capacity 5619K, committed 5760K, reserved 6528K
GC Heap History (10 events):
Event: 7.554 GC heap before
{Heap before GC invocations=5 (full 0):
 def new generation   total 4928K, used 4436K [0x04c00000, 0x05150000, 0x0a150000)
  eden space 4416K, 100% used [0x04c00000, 0x05050000, 0x05050000)
  from space 512K,   4% used [0x050d0000, 0x050d5260, 0x05150000)
  to   space 512K,   0% used [0x05050000, 0x05050000, 0x050d0000)
 tenured generation   total 10944K, used 3370K [0x0a150000, 0x0ac00000, 0x14c00000)
   the space 10944K,  30% used [0x0a150000, 0x0a49aaf0, 0x0a49ac00, 0x0ac00000)
 Metaspace       used 3787K, capacity 5195K, committed 5248K, reserved 5504K
Event: 7.557 GC heap after
Heap after GC invocations=6 (full 0):
 def new generation   total 4928K, used 512K [0x04c00000, 0x05150000, 0x0a150000)
  eden space 4416K,   0% used [0x04c00000, 0x04c00000, 0x05050000)
  from space 512K, 100% used [0x05050000, 0x050d0000, 0x050d0000)
  to   space 512K,   0% used [0x050d0000, 0x050d0000, 0x05150000)
 tenured generation   total 10944K, used 3927K [0x0a150000, 0x0ac00000, 0x14c00000)
   the space 10944K,  35% used [0x0a150000, 0x0a525dd0, 0x0a525e00, 0x0ac00000)
 Metaspace       used 3787K, capacity 5195K, committed 5248K, reserved 5504K
}
Event: 7.578 GC heap before
{Heap before GC invocations=6 (full 0):
 def new generation   total 4928K, used 4928K [0x04c00000, 0x05150000, 0x0a150000)
  eden space 4416K, 100% used [0x04c00000, 0x05050000, 0x05050000)
  from space 512K, 100% used [0x05050000, 0x050d0000, 0x050d0000)
  to   space 512K,   0% used [0x050d0000, 0x050d0000, 0x05150000)
 tenured generation   total 10944K, used 3927K [0x0a150000, 0x0ac00000, 0x14c00000)
   the space 10944K,  35% used [0x0a150000, 0x0a525dd0, 0x0a525e00, 0x0ac00000)
 Metaspace       used 3787K, capacity 5195K, committed 5248K, reserved 5504K
Event: 7.580 GC heap after
Heap after GC invocations=7 (full 0):
 def new generation   total 4928K, used 0K [0x04c00000, 0x05150000, 0x0a150000)
  eden space 4416K,   0% used [0x04c00000, 0x04c00000, 0x05050000)
  from space 512K,   0% used [0x050d0000, 0x050d0080, 0x05150000)
  to   space 512K,   0% used [0x05050000, 0x05050000, 0x050d0000)
 tenured generation   total 10944K, used 4439K [0x0a150000, 0x0ac00000, 0x14c00000)
   the space 10944K,  40% used [0x0a150000, 0x0a5a5cb8, 0x0a5a5e00, 0x0ac00000)
 Metaspace       used 3787K, capacity 5195K, committed 5248K, reserved 5504K
}
Event: 7.629 GC heap before
{Heap before GC invocations=7 (full 0):
 def new generation   total 4928K, used 4416K [0x04c00000, 0x05150000, 0x0a150000)
  eden space 4416K, 100% used [0x04c00000, 0x05050000, 0x05050000)
  from space 512K,   0% used [0x050d0000, 0x050d0080, 0x05150000)
  to   space 512K,   0% used [0x05050000, 0x05050000, 0x050d0000)
 tenured generation   total 10944K, used 4439K [0x0a150000, 0x0ac00000, 0x14c00000)
   the space 10944K,  40% used [0x0a150000, 0x0a5a5cb8, 0x0a5a5e00, 0x0ac00000)
 Metaspace       used 3788K, capacity 5195K, committed 5248K, reserved 5504K
Event: 7.630 GC heap after
Heap after GC invocations=8 (full 0):
 def new generation   total 4928K, used 165K [0x04c00000, 0x05150000, 0x0a150000)
  eden space 4416K,   0% used [0x04c00000, 0x04c00000, 0x05050000)
  from space 512K,  32% used [0x05050000, 0x050796e0, 0x050d0000)
  to   space 512K,   0% used [0x050d0000, 0x050d0000, 0x05150000)
 tenured generation   total 10944K, used 4439K [0x0a150000, 0x0ac00000, 0x14c00000)
   the space 10944K,  40% used [0x0a150000, 0x0a5a5cb8, 0x0a5a5e00, 0x0ac00000)
 Metaspace       used 3788K, capacity 5195K, committed 5248K, reserved 5504K
}
Event: 7.673 GC heap before
{Heap before GC invocations=8 (full 0):
 def new generation   total 4928K, used 4581K [0x04c00000, 0x05150000, 0x0a150000)
  eden space 4416K, 100% used [0x04c00000, 0x05050000, 0x05050000)
  from space 512K,  32% used [0x05050000, 0x050796e0, 0x050d0000)
  to   space 512K,   0% used [0x050d0000, 0x050d0000, 0x05150000)
 tenured generation   total 10944K, used 4439K [0x0a150000, 0x0ac00000, 0x14c00000)
   the space 10944K,  40% used [0x0a150000, 0x0a5a5cb8, 0x0a5a5e00, 0x0ac00000)
 Metaspace       used 3788K, capacity 5195K, committed 5248K, reserved 5504K
Event: 7.673 GC heap after
Heap after GC invocations=9 (full 0):
 def new generation   total 4928K, used 165K [0x04c00000, 0x05150000, 0x0a150000)
  eden space 4416K,   0% used [0x04c00000, 0x04c00000, 0x05050000)
  from space 512K,  32% used [0x050d0000, 0x050f9428, 0x05150000)
  to   space 512K,   0% used [0x05050000, 0x05050000, 0x050d0000)
 tenured generation   total 10944K, used 4439K [0x0a150000, 0x0ac00000, 0x14c00000)
   the space 10944K,  40% used [0x0a150000, 0x0a5a5cb8, 0x0a5a5e00, 0x0ac00000)
 Metaspace       used 3788K, capacity 5195K, committed 5248K, reserved 5504K
}
Event: 7.714 GC heap before
{Heap before GC invocations=9 (full 0):
 def new generation   total 4928K, used 4581K [0x04c00000, 0x05150000, 0x0a150000)
  eden space 4416K, 100% used [0x04c00000, 0x05050000, 0x05050000)
  from space 512K,  32% used [0x050d0000, 0x050f9428, 0x05150000)
  to   space 512K,   0% used [0x05050000, 0x05050000, 0x050d0000)
 tenured generation   total 10944K, used 4439K [0x0a150000, 0x0ac00000, 0x14c00000)
   the space 10944K,  40% used [0x0a150000, 0x0a5a5cb8, 0x0a5a5e00, 0x0ac00000)
 Metaspace       used 3843K, capacity 5259K, committed 5376K, reserved 5504K
Event: 7.715 GC heap after
Heap after GC invocations=10 (full 0):
 def new generation   total 4928K, used 189K [0x04c00000, 0x05150000, 0x0a150000)
  eden space 4416K,   0% used [0x04c00000, 0x04c00000, 0x05050000)
  from space 512K,  37% used [0x05050000, 0x0507f778, 0x050d0000)
  to   space 512K,   0% used [0x050d0000, 0x050d0000, 0x05150000)
 tenured generation   total 10944K, used 4439K [0x0a150000, 0x0ac00000, 0x14c00000)
   the space 10944K,  40% used [0x0a150000, 0x0a5a5cb8, 0x0a5a5e00, 0x0ac00000)
 Metaspace       used 3843K, capacity 5259K, committed 5376K, reserved 5504K
}

